2025-11-07 22:23:11 [DBG] Entity Framework Core 9.0.7 initialized 'AppDbContext' using provider 'Microsoft.EntityFrameworkCore.Sqlite:9.0.7' with options: None
2025-11-07 22:23:11 [DBG] Creating DbConnection.
2025-11-07 22:23:11 [DBG] Created DbConnection. (4ms).
2025-11-07 22:23:11 [DBG] Creating DbConnection.
2025-11-07 22:23:11 [DBG] Created DbConnection. (2ms).
2025-11-07 22:23:11 [DBG] Opening connection to database 'main' on server 'app.db'.
2025-11-07 22:23:11 [DBG] Opened connection to database 'main' on server 'C:\Users\xmilk\portfolio\employee-management-app\backend\app.db'.
2025-11-07 22:23:11 [DBG] Disposing connection to database 'main' on server 'app.db'.
2025-11-07 22:23:11 [DBG] Disposed connection to database 'main' on server 'app.db' (1ms).
2025-11-07 22:23:11 [DBG] Opening connection to database 'main' on server 'app.db'.
2025-11-07 22:23:11 [DBG] Opened connection to database 'main' on server 'C:\Users\xmilk\portfolio\employee-management-app\backend\app.db'.
2025-11-07 22:23:11 [DBG] Closing connection to database 'main' on server 'C:\Users\xmilk\portfolio\employee-management-app\backend\app.db'.
2025-11-07 22:23:11 [DBG] Closed connection to database 'main' on server 'app.db' (2ms).
2025-11-07 22:23:11 [DBG] 'AppDbContext' disposed.
2025-11-07 22:23:11 [DBG] Disposing connection to database 'main' on server 'app.db'.
2025-11-07 22:23:11 [DBG] Disposed connection to database 'main' on server 'app.db' (0ms).
2025-11-07 22:23:20 [DBG] An 'IServiceProvider' was created for internal use by Entity Framework.
2025-11-07 22:23:20 [DBG] Entity Framework Core 9.0.7 initialized 'AppDbContext' using provider 'Microsoft.EntityFrameworkCore.Sqlite:9.0.7' with options: None
2025-11-07 22:23:20 [DBG] Creating DbConnection.
2025-11-07 22:23:20 [DBG] Created DbConnection. (8ms).
2025-11-07 22:23:21 [DBG] Migrating using database 'main' on server 'app.db'.
2025-11-07 22:23:21 [DBG] Creating DbConnection.
2025-11-07 22:23:21 [DBG] Created DbConnection. (1ms).
2025-11-07 22:23:21 [DBG] Opening connection to database 'main' on server 'app.db'.
2025-11-07 22:23:21 [DBG] An error occurred using the connection to database 'main' on server 'app.db'.
2025-11-07 22:23:21 [DBG] Disposing connection to database 'main' on server 'app.db'.
2025-11-07 22:23:21 [DBG] Disposed connection to database 'main' on server 'app.db' (0ms).
2025-11-07 22:23:21 [DBG] Opening connection to database 'main' on server 'app.db'.
2025-11-07 22:23:21 [DBG] Opened connection to database 'main' on server 'C:\Users\xmilk\portfolio\employee-management-app\backend\app.db'.
2025-11-07 22:23:21 [DBG] Creating DbCommand for 'ExecuteNonQuery'.
2025-11-07 22:23:21 [DBG] Created DbCommand for 'ExecuteNonQuery' (2ms).
2025-11-07 22:23:21 [DBG] Initialized DbCommand for 'ExecuteNonQuery' (5ms).
2025-11-07 22:23:21 [DBG] Executing DbCommand [Parameters=[], CommandType='"Text"', CommandTimeout='30']
PRAGMA journal_mode = 'wal';
2025-11-07 22:23:21 [INF] Executed DbCommand (15ms) [Parameters=[], CommandType='"Text"', CommandTimeout='30']
PRAGMA journal_mode = 'wal';
2025-11-07 22:23:21 [DBG] Closing connection to database 'main' on server 'C:\Users\xmilk\portfolio\employee-management-app\backend\app.db'.
2025-11-07 22:23:21 [DBG] Closed connection to database 'main' on server 'app.db' (2ms).
2025-11-07 22:23:21 [DBG] Opening connection to database 'main' on server 'app.db'.
2025-11-07 22:23:21 [DBG] Opened connection to database 'main' on server 'C:\Users\xmilk\portfolio\employee-management-app\backend\app.db'.
2025-11-07 22:23:21 [INF] Acquiring an exclusive lock for migration application. See https://aka.ms/efcore-docs-migrations-lock for more information if this takes too long.
2025-11-07 22:23:21 [DBG] Creating DbCommand for 'ExecuteScalar'.
2025-11-07 22:23:21 [DBG] Created DbCommand for 'ExecuteScalar' (0ms).
2025-11-07 22:23:21 [DBG] Initialized DbCommand for 'ExecuteScalar' (0ms).
2025-11-07 22:23:21 [DBG] Executing DbCommand [Parameters=[], CommandType='"Text"', CommandTimeout='30']
SELECT COUNT(*) FROM "sqlite_master" WHERE "name" = '__EFMigrationsLock' AND "type" = 'table';
2025-11-07 22:23:21 [INF] Executed DbCommand (3ms) [Parameters=[], CommandType='"Text"', CommandTimeout='30']
SELECT COUNT(*) FROM "sqlite_master" WHERE "name" = '__EFMigrationsLock' AND "type" = 'table';
2025-11-07 22:23:21 [DBG] Creating DbCommand for 'ExecuteNonQuery'.
2025-11-07 22:23:21 [DBG] Created DbCommand for 'ExecuteNonQuery' (0ms).
2025-11-07 22:23:21 [DBG] Initialized DbCommand for 'ExecuteNonQuery' (1ms).
2025-11-07 22:23:21 [DBG] Executing DbCommand [Parameters=[], CommandType='"Text"', CommandTimeout='30']
CREATE TABLE IF NOT EXISTS "__EFMigrationsLock" (
    "Id" INTEGER NOT NULL CONSTRAINT "PK___EFMigrationsLock" PRIMARY KEY,
    "Timestamp" TEXT NOT NULL
);
2025-11-07 22:23:21 [INF] Executed DbCommand (3ms) [Parameters=[], CommandType='"Text"', CommandTimeout='30']
CREATE TABLE IF NOT EXISTS "__EFMigrationsLock" (
    "Id" INTEGER NOT NULL CONSTRAINT "PK___EFMigrationsLock" PRIMARY KEY,
    "Timestamp" TEXT NOT NULL
);
2025-11-07 22:23:21 [DBG] Creating DbCommand for 'ExecuteScalar'.
2025-11-07 22:23:21 [DBG] Created DbCommand for 'ExecuteScalar' (0ms).
2025-11-07 22:23:21 [DBG] Initialized DbCommand for 'ExecuteScalar' (0ms).
2025-11-07 22:23:21 [DBG] Executing DbCommand [Parameters=[], CommandType='"Text"', CommandTimeout='30']
INSERT OR IGNORE INTO "__EFMigrationsLock"("Id", "Timestamp") VALUES(1, '2025-11-07 13:23:21.0809837+00:00');
SELECT changes();
2025-11-07 22:23:21 [INF] Executed DbCommand (2ms) [Parameters=[], CommandType='"Text"', CommandTimeout='30']
INSERT OR IGNORE INTO "__EFMigrationsLock"("Id", "Timestamp") VALUES(1, '2025-11-07 13:23:21.0809837+00:00');
SELECT changes();
2025-11-07 22:23:21 [DBG] Beginning transaction with isolation level 'Unspecified'.
2025-11-07 22:23:21 [DBG] Began transaction with isolation level 'Serializable'.
2025-11-07 22:23:21 [DBG] Creating DbCommand for 'ExecuteNonQuery'.
2025-11-07 22:23:21 [DBG] Created DbCommand for 'ExecuteNonQuery' (0ms).
2025-11-07 22:23:21 [DBG] Initialized DbCommand for 'ExecuteNonQuery' (1ms).
2025-11-07 22:23:21 [DBG] Executing DbCommand [Parameters=[], CommandType='"Text"', CommandTimeout='30']
CREATE TABLE IF NOT EXISTS "__EFMigrationsHistory" (
    "MigrationId" TEXT NOT NULL CONSTRAINT "PK___EFMigrationsHistory" PRIMARY KEY,
    "ProductVersion" TEXT NOT NULL
);
2025-11-07 22:23:21 [INF] Executed DbCommand (1ms) [Parameters=[], CommandType='"Text"', CommandTimeout='30']
CREATE TABLE IF NOT EXISTS "__EFMigrationsHistory" (
    "MigrationId" TEXT NOT NULL CONSTRAINT "PK___EFMigrationsHistory" PRIMARY KEY,
    "ProductVersion" TEXT NOT NULL
);
2025-11-07 22:23:21 [DBG] Committing transaction.
2025-11-07 22:23:21 [DBG] Committed transaction.
2025-11-07 22:23:21 [DBG] Disposing transaction.
2025-11-07 22:23:21 [DBG] Beginning transaction with isolation level 'Unspecified'.
2025-11-07 22:23:21 [DBG] Began transaction with isolation level 'Serializable'.
2025-11-07 22:23:21 [DBG] Creating DbConnection.
2025-11-07 22:23:21 [DBG] Created DbConnection. (0ms).
2025-11-07 22:23:21 [DBG] Opening connection to database 'main' on server 'app.db'.
2025-11-07 22:23:21 [DBG] Opened connection to database 'main' on server 'C:\Users\xmilk\portfolio\employee-management-app\backend\app.db'.
2025-11-07 22:23:21 [DBG] Disposing connection to database 'main' on server 'app.db'.
2025-11-07 22:23:21 [DBG] Disposed connection to database 'main' on server 'app.db' (0ms).
2025-11-07 22:23:21 [DBG] Creating DbCommand for 'ExecuteScalar'.
2025-11-07 22:23:21 [DBG] Created DbCommand for 'ExecuteScalar' (0ms).
2025-11-07 22:23:21 [DBG] Initialized DbCommand for 'ExecuteScalar' (1ms).
2025-11-07 22:23:21 [DBG] Executing DbCommand [Parameters=[], CommandType='"Text"', CommandTimeout='30']
SELECT COUNT(*) FROM "sqlite_master" WHERE "name" = '__EFMigrationsHistory' AND "type" = 'table';
2025-11-07 22:23:21 [INF] Executed DbCommand (1ms) [Parameters=[], CommandType='"Text"', CommandTimeout='30']
SELECT COUNT(*) FROM "sqlite_master" WHERE "name" = '__EFMigrationsHistory' AND "type" = 'table';
2025-11-07 22:23:21 [DBG] Creating DbCommand for 'ExecuteReader'.
2025-11-07 22:23:21 [DBG] Created DbCommand for 'ExecuteReader' (0ms).
2025-11-07 22:23:21 [DBG] Initialized DbCommand for 'ExecuteReader' (1ms).
2025-11-07 22:23:21 [DBG] Executing DbCommand [Parameters=[], CommandType='"Text"', CommandTimeout='30']
SELECT "MigrationId", "ProductVersion"
FROM "__EFMigrationsHistory"
ORDER BY "MigrationId";
2025-11-07 22:23:21 [INF] Executed DbCommand (1ms) [Parameters=[], CommandType='"Text"', CommandTimeout='30']
SELECT "MigrationId", "ProductVersion"
FROM "__EFMigrationsHistory"
ORDER BY "MigrationId";
2025-11-07 22:23:21 [DBG] Closing data reader to 'main' on server 'C:\Users\xmilk\portfolio\employee-management-app\backend\app.db'.
2025-11-07 22:23:21 [DBG] A data reader for 'main' on server 'C:\Users\xmilk\portfolio\employee-management-app\backend\app.db' is being disposed after spending 1ms reading results.
2025-11-07 22:23:21 [INF] Applying migration '20250731061029_InitialCreate'.
2025-11-07 22:23:21 [DBG] Creating DbCommand for 'ExecuteNonQuery'.
2025-11-07 22:23:21 [DBG] Created DbCommand for 'ExecuteNonQuery' (0ms).
2025-11-07 22:23:21 [DBG] Initialized DbCommand for 'ExecuteNonQuery' (1ms).
2025-11-07 22:23:21 [DBG] Executing DbCommand [Parameters=[], CommandType='"Text"', CommandTimeout='30']
CREATE TABLE "Employees" (
    "Id" INTEGER NOT NULL CONSTRAINT "PK_Employees" PRIMARY KEY AUTOINCREMENT,
    "FullName" TEXT NOT NULL,
    "DateOfBirth" TEXT NOT NULL,
    "Gender" INTEGER NOT NULL,
    "Address" TEXT NOT NULL,
    "JoinDate" TEXT NOT NULL,
    "VacationRemaining" INTEGER NOT NULL,
    "CurrentWorkplace" TEXT NOT NULL,
    "Email" TEXT NOT NULL,
    "PasswordHash" TEXT NOT NULL
);
2025-11-07 22:23:21 [INF] Executed DbCommand (1ms) [Parameters=[], CommandType='"Text"', CommandTimeout='30']
CREATE TABLE "Employees" (
    "Id" INTEGER NOT NULL CONSTRAINT "PK_Employees" PRIMARY KEY AUTOINCREMENT,
    "FullName" TEXT NOT NULL,
    "DateOfBirth" TEXT NOT NULL,
    "Gender" INTEGER NOT NULL,
    "Address" TEXT NOT NULL,
    "JoinDate" TEXT NOT NULL,
    "VacationRemaining" INTEGER NOT NULL,
    "CurrentWorkplace" TEXT NOT NULL,
    "Email" TEXT NOT NULL,
    "PasswordHash" TEXT NOT NULL
);
2025-11-07 22:23:21 [DBG] Creating DbCommand for 'ExecuteNonQuery'.
2025-11-07 22:23:21 [DBG] Created DbCommand for 'ExecuteNonQuery' (0ms).
2025-11-07 22:23:21 [DBG] Initialized DbCommand for 'ExecuteNonQuery' (1ms).
2025-11-07 22:23:21 [DBG] Executing DbCommand [Parameters=[], CommandType='"Text"', CommandTimeout='30']
INSERT INTO "__EFMigrationsHistory" ("MigrationId", "ProductVersion")
VALUES ('20250731061029_InitialCreate', '9.0.7');
2025-11-07 22:23:21 [INF] Executed DbCommand (1ms) [Parameters=[], CommandType='"Text"', CommandTimeout='30']
INSERT INTO "__EFMigrationsHistory" ("MigrationId", "ProductVersion")
VALUES ('20250731061029_InitialCreate', '9.0.7');
2025-11-07 22:23:21 [INF] Applying migration '20250731140112_InitialCreate'.
2025-11-07 22:23:21 [DBG] Creating DbCommand for 'ExecuteNonQuery'.
2025-11-07 22:23:21 [DBG] Created DbCommand for 'ExecuteNonQuery' (0ms).
2025-11-07 22:23:21 [DBG] Initialized DbCommand for 'ExecuteNonQuery' (1ms).
2025-11-07 22:23:21 [DBG] Executing DbCommand [Parameters=[], CommandType='"Text"', CommandTimeout='30']
CREATE TABLE "Employees" (
    "Id" INTEGER NOT NULL CONSTRAINT "PK_Employees" PRIMARY KEY AUTOINCREMENT,
    "FullName" TEXT NOT NULL,
    "DateOfBirth" TEXT NOT NULL,
    "Gender" INTEGER NOT NULL,
    "Address" TEXT NOT NULL,
    "JoinDate" TEXT NOT NULL,
    "VacationRemaining" INTEGER NOT NULL,
    "CurrentWorkplace" TEXT NOT NULL,
    "Email" TEXT NOT NULL,
    "PasswordHash" TEXT NOT NULL
);
2025-11-07 22:23:21 [ERR] Failed executing DbCommand (1ms) [Parameters=[], CommandType='"Text"', CommandTimeout='30']
CREATE TABLE "Employees" (
    "Id" INTEGER NOT NULL CONSTRAINT "PK_Employees" PRIMARY KEY AUTOINCREMENT,
    "FullName" TEXT NOT NULL,
    "DateOfBirth" TEXT NOT NULL,
    "Gender" INTEGER NOT NULL,
    "Address" TEXT NOT NULL,
    "JoinDate" TEXT NOT NULL,
    "VacationRemaining" INTEGER NOT NULL,
    "CurrentWorkplace" TEXT NOT NULL,
    "Email" TEXT NOT NULL,
    "PasswordHash" TEXT NOT NULL
);
2025-11-07 22:23:21 [DBG] Disposing transaction.
2025-11-07 22:23:21 [DBG] Creating DbCommand for 'ExecuteScalar'.
2025-11-07 22:23:21 [DBG] Created DbCommand for 'ExecuteScalar' (0ms).
2025-11-07 22:23:21 [DBG] Initialized DbCommand for 'ExecuteScalar' (0ms).
2025-11-07 22:23:21 [DBG] Executing DbCommand [Parameters=[], CommandType='"Text"', CommandTimeout='30']
DELETE FROM "__EFMigrationsLock";
2025-11-07 22:23:21 [INF] Executed DbCommand (1ms) [Parameters=[], CommandType='"Text"', CommandTimeout='30']
DELETE FROM "__EFMigrationsLock";
2025-11-07 22:23:21 [DBG] Closing connection to database 'main' on server 'C:\Users\xmilk\portfolio\employee-management-app\backend\app.db'.
2025-11-07 22:23:21 [DBG] Closed connection to database 'main' on server 'app.db' (0ms).
2025-11-07 22:23:21 [DBG] 'AppDbContext' disposed.
2025-11-07 22:23:21 [DBG] Disposing connection to database 'main' on server 'app.db'.
2025-11-07 22:23:21 [DBG] Disposed connection to database 'main' on server 'app.db' (0ms).
