2025-10-31 21:52:53 [DBG] Registered model binder providers, in the following order: ["Microsoft.AspNetCore.Mvc.ModelBinding.Binders.BinderTypeModelBinderProvider","Microsoft.AspNetCore.Mvc.ModelBinding.Binders.ServicesModelBinderProvider","Microsoft.AspNetCore.Mvc.ModelBinding.Binders.BodyModelBinderProvider","Microsoft.AspNetCore.Mvc.ModelBinding.Binders.HeaderModelBinderProvider","Microsoft.AspNetCore.Mvc.ModelBinding.Binders.FloatingPointTypeModelBinderProvider","Microsoft.AspNetCore.Mvc.ModelBinding.Binders.EnumTypeModelBinderProvider","Microsoft.AspNetCore.Mvc.ModelBinding.Binders.DateTimeModelBinderProvider","Microsoft.AspNetCore.Mvc.ModelBinding.Binders.SimpleTypeModelBinderProvider","Microsoft.AspNetCore.Mvc.ModelBinding.Binders.TryParseModelBinderProvider","Microsoft.AspNetCore.Mvc.ModelBinding.Binders.CancellationTokenModelBinderProvider","Microsoft.AspNetCore.Mvc.ModelBinding.Binders.ByteArrayModelBinderProvider","Microsoft.AspNetCore.Mvc.ModelBinding.Binders.FormFileModelBinderProvider","Microsoft.AspNetCore.Mvc.ModelBinding.Binders.FormCollectionModelBinderProvider","Microsoft.AspNetCore.Mvc.ModelBinding.Binders.KeyValuePairModelBinderProvider","Microsoft.AspNetCore.Mvc.ModelBinding.Binders.DictionaryModelBinderProvider","Microsoft.AspNetCore.Mvc.ModelBinding.Binders.ArrayModelBinderProvider","Microsoft.AspNetCore.Mvc.ModelBinding.Binders.CollectionModelBinderProvider","Microsoft.AspNetCore.Mvc.ModelBinding.Binders.ComplexObjectModelBinderProvider"]
2025-10-31 21:52:53 [DBG] An 'IServiceProvider' was created for internal use by Entity Framework.
2025-10-31 21:52:54 [DBG] Entity Framework Core 9.0.7 initialized 'AppDbContext' using provider 'Microsoft.EntityFrameworkCore.Sqlite:9.0.7' with options: None
2025-10-31 21:52:54 [DBG] Creating DbConnection.
2025-10-31 21:52:54 [DBG] Created DbConnection. (8ms).
2025-10-31 21:52:54 [DBG] Opening connection to database 'main' on server 'app.db'.
2025-10-31 21:52:54 [DBG] Opened connection to database 'main' on server 'C:\Users\xmilk\portfolio\employee-management-app\backend\app.db'.
2025-10-31 21:52:54 [DBG] Disposing connection to database 'main' on server 'app.db'.
2025-10-31 21:52:54 [DBG] Disposed connection to database 'main' on server 'app.db' (1ms).
2025-10-31 21:52:54 [DBG] Creating DbConnection.
2025-10-31 21:52:54 [DBG] Created DbConnection. (0ms).
2025-10-31 21:52:54 [DBG] Opening connection to database 'main' on server 'app.db'.
2025-10-31 21:52:54 [DBG] Opened connection to database 'main' on server 'C:\Users\xmilk\portfolio\employee-management-app\backend\app.db'.
2025-10-31 21:52:54 [DBG] Closing connection to database 'main' on server 'C:\Users\xmilk\portfolio\employee-management-app\backend\app.db'.
2025-10-31 21:52:54 [DBG] Closed connection to database 'main' on server 'app.db' (3ms).
2025-10-31 21:52:54 [DBG] Creating DbConnection.
2025-10-31 21:52:54 [DBG] Created DbConnection. (0ms).
2025-10-31 21:52:54 [DBG] Opening connection to database 'main' on server 'app.db'.
2025-10-31 21:52:54 [DBG] An error occurred using the connection to database 'main' on server 'app.db'.
2025-10-31 21:52:54 [DBG] Disposing connection to database 'main' on server 'app.db'.
2025-10-31 21:52:54 [DBG] Disposed connection to database 'main' on server 'app.db' (0ms).
2025-10-31 21:52:54 [DBG] Opening connection to database 'main' on server 'app.db'.
2025-10-31 21:52:54 [DBG] Opened connection to database 'main' on server 'C:\Users\xmilk\portfolio\employee-management-app\backend\app.db'.
2025-10-31 21:52:54 [DBG] Creating DbCommand for 'ExecuteNonQuery'.
2025-10-31 21:52:54 [DBG] Created DbCommand for 'ExecuteNonQuery' (2ms).
2025-10-31 21:52:54 [DBG] Initialized DbCommand for 'ExecuteNonQuery' (6ms).
2025-10-31 21:52:54 [DBG] Executing DbCommand [Parameters=[], CommandType='"Text"', CommandTimeout='30']
PRAGMA journal_mode = 'wal';
2025-10-31 21:52:54 [INF] Executed DbCommand (15ms) [Parameters=[], CommandType='"Text"', CommandTimeout='30']
PRAGMA journal_mode = 'wal';
2025-10-31 21:52:54 [DBG] Closing connection to database 'main' on server 'C:\Users\xmilk\portfolio\employee-management-app\backend\app.db'.
2025-10-31 21:52:54 [DBG] Closed connection to database 'main' on server 'app.db' (0ms).
2025-10-31 21:52:54 [DBG] Opening connection to database 'main' on server 'app.db'.
2025-10-31 21:52:54 [DBG] Opened connection to database 'main' on server 'C:\Users\xmilk\portfolio\employee-management-app\backend\app.db'.
2025-10-31 21:52:54 [DBG] Beginning transaction with isolation level 'Unspecified'.
2025-10-31 21:52:54 [DBG] Began transaction with isolation level 'Serializable'.
2025-10-31 21:52:54 [DBG] Creating DbCommand for 'ExecuteNonQuery'.
2025-10-31 21:52:54 [DBG] Created DbCommand for 'ExecuteNonQuery' (0ms).
2025-10-31 21:52:54 [DBG] Initialized DbCommand for 'ExecuteNonQuery' (1ms).
2025-10-31 21:52:54 [DBG] Executing DbCommand [Parameters=[], CommandType='"Text"', CommandTimeout='30']
CREATE TABLE "AuditLogs" (
    "Id" INTEGER NOT NULL CONSTRAINT "PK_AuditLogs" PRIMARY KEY AUTOINCREMENT,
    "ActionUserId" INTEGER NOT NULL,
    "Action" TEXT NOT NULL,
    "EntityName" TEXT NOT NULL,
    "TargetId" INTEGER NOT NULL,
    "Timestamp" TEXT NOT NULL,
    "Details" TEXT NOT NULL
);
2025-10-31 21:52:54 [INF] Executed DbCommand (1ms) [Parameters=[], CommandType='"Text"', CommandTimeout='30']
CREATE TABLE "AuditLogs" (
    "Id" INTEGER NOT NULL CONSTRAINT "PK_AuditLogs" PRIMARY KEY AUTOINCREMENT,
    "ActionUserId" INTEGER NOT NULL,
    "Action" TEXT NOT NULL,
    "EntityName" TEXT NOT NULL,
    "TargetId" INTEGER NOT NULL,
    "Timestamp" TEXT NOT NULL,
    "Details" TEXT NOT NULL
);
2025-10-31 21:52:54 [DBG] Creating DbCommand for 'ExecuteNonQuery'.
2025-10-31 21:52:54 [DBG] Created DbCommand for 'ExecuteNonQuery' (0ms).
2025-10-31 21:52:54 [DBG] Initialized DbCommand for 'ExecuteNonQuery' (1ms).
2025-10-31 21:52:54 [DBG] Executing DbCommand [Parameters=[], CommandType='"Text"', CommandTimeout='30']
CREATE TABLE "Users" (
    "Id" INTEGER NOT NULL CONSTRAINT "PK_Users" PRIMARY KEY AUTOINCREMENT,
    "Email" TEXT NOT NULL,
    "PasswordHash" TEXT NOT NULL,
    "Salt" TEXT NOT NULL,
    "Role" INTEGER NOT NULL
);
2025-10-31 21:52:54 [INF] Executed DbCommand (1ms) [Parameters=[], CommandType='"Text"', CommandTimeout='30']
CREATE TABLE "Users" (
    "Id" INTEGER NOT NULL CONSTRAINT "PK_Users" PRIMARY KEY AUTOINCREMENT,
    "Email" TEXT NOT NULL,
    "PasswordHash" TEXT NOT NULL,
    "Salt" TEXT NOT NULL,
    "Role" INTEGER NOT NULL
);
2025-10-31 21:52:54 [DBG] Creating DbCommand for 'ExecuteNonQuery'.
2025-10-31 21:52:54 [DBG] Created DbCommand for 'ExecuteNonQuery' (0ms).
2025-10-31 21:52:54 [DBG] Initialized DbCommand for 'ExecuteNonQuery' (1ms).
2025-10-31 21:52:54 [DBG] Executing DbCommand [Parameters=[], CommandType='"Text"', CommandTimeout='30']
CREATE TABLE "Employees" (
    "Id" INTEGER NOT NULL CONSTRAINT "PK_Employees" PRIMARY KEY AUTOINCREMENT,
    "UserId" INTEGER NOT NULL,
    "FullName" TEXT NULL,
    "DateOfBirth" TEXT NULL,
    "Gender" INTEGER NULL,
    "Address" TEXT NULL,
    "JoinDate" TEXT NULL,
    "VacationRemaining" INTEGER NULL,
    "CurrentWorkplace" TEXT NULL,
    CONSTRAINT "FK_Employees_Users_UserId" FOREIGN KEY ("UserId") REFERENCES "Users" ("Id") ON DELETE CASCADE
);
2025-10-31 21:52:54 [INF] Executed DbCommand (1ms) [Parameters=[], CommandType='"Text"', CommandTimeout='30']
CREATE TABLE "Employees" (
    "Id" INTEGER NOT NULL CONSTRAINT "PK_Employees" PRIMARY KEY AUTOINCREMENT,
    "UserId" INTEGER NOT NULL,
    "FullName" TEXT NULL,
    "DateOfBirth" TEXT NULL,
    "Gender" INTEGER NULL,
    "Address" TEXT NULL,
    "JoinDate" TEXT NULL,
    "VacationRemaining" INTEGER NULL,
    "CurrentWorkplace" TEXT NULL,
    CONSTRAINT "FK_Employees_Users_UserId" FOREIGN KEY ("UserId") REFERENCES "Users" ("Id") ON DELETE CASCADE
);
2025-10-31 21:52:54 [DBG] Creating DbCommand for 'ExecuteNonQuery'.
2025-10-31 21:52:54 [DBG] Created DbCommand for 'ExecuteNonQuery' (0ms).
2025-10-31 21:52:54 [DBG] Initialized DbCommand for 'ExecuteNonQuery' (1ms).
2025-10-31 21:52:54 [DBG] Executing DbCommand [Parameters=[], CommandType='"Text"', CommandTimeout='30']
CREATE UNIQUE INDEX "IX_Employees_UserId" ON "Employees" ("UserId");
2025-10-31 21:52:54 [INF] Executed DbCommand (1ms) [Parameters=[], CommandType='"Text"', CommandTimeout='30']
CREATE UNIQUE INDEX "IX_Employees_UserId" ON "Employees" ("UserId");
2025-10-31 21:52:54 [DBG] Committing transaction.
2025-10-31 21:52:54 [DBG] Committed transaction.
2025-10-31 21:52:54 [DBG] Disposing transaction.
2025-10-31 21:52:54 [DBG] Closing connection to database 'main' on server 'C:\Users\xmilk\portfolio\employee-management-app\backend\app.db'.
2025-10-31 21:52:54 [DBG] Closed connection to database 'main' on server 'app.db' (0ms).
2025-10-31 21:52:54 [DBG] Compiling query expression: 
'DbSet<Employee>()
    .Any()'
2025-10-31 21:52:54 [DBG] Generated query execution expression: 
'queryContext => SingleQueryingEnumerable.Create<bool>(
    relationalQueryContext: (RelationalQueryContext)queryContext, 
    relationalCommandResolver: parameters => [LIFTABLE Constant: RelationalCommandCache.QueryExpression(
        Projection Mapping:
            EmptyProjectionMember -> 0
        SELECT EXISTS (
            SELECT 1
            FROM Employees AS e)) | Resolver: c => new RelationalCommandCache(
        c.Dependencies.MemoryCache, 
        c.RelationalDependencies.QuerySqlGeneratorFactory, 
        c.RelationalDependencies.RelationalParameterBasedSqlProcessorFactory, 
        Projection Mapping:
            EmptyProjectionMember -> 0
        SELECT EXISTS (
            SELECT 1
            FROM Employees AS e), 
        False, 
        new HashSet<string>(
            new string[]{ }, 
            StringComparer.Ordinal
        )
    )].GetRelationalCommandTemplate(parameters), 
    readerColumns: null, 
    shaper: (queryContext, dataReader, resultContext, resultCoordinator) => 
    {
        bool? value1;
        value1 = dataReader.IsDBNull(0) ? default(bool?) : (bool?)dataReader.GetBoolean(0);
        return (bool)value1;
    }, 
    contextType: Backend.Data.AppDbContext, 
    standAloneStateManager: False, 
    detailedErrorsEnabled: False, 
    threadSafetyChecksEnabled: True)
    .Single()'
2025-10-31 21:52:54 [DBG] Opening connection to database 'main' on server 'app.db'.
2025-10-31 21:52:54 [DBG] Opened connection to database 'main' on server 'C:\Users\xmilk\portfolio\employee-management-app\backend\app.db'.
2025-10-31 21:52:54 [DBG] Creating DbCommand for 'ExecuteReader'.
2025-10-31 21:52:54 [DBG] Created DbCommand for 'ExecuteReader' (0ms).
2025-10-31 21:52:54 [DBG] Initialized DbCommand for 'ExecuteReader' (1ms).
2025-10-31 21:52:54 [DBG] Executing DbCommand [Parameters=[], CommandType='"Text"', CommandTimeout='30']
SELECT EXISTS (
    SELECT 1
    FROM "Employees" AS "e")
2025-10-31 21:52:54 [INF] Executed DbCommand (2ms) [Parameters=[], CommandType='"Text"', CommandTimeout='30']
SELECT EXISTS (
    SELECT 1
    FROM "Employees" AS "e")
2025-10-31 21:52:54 [DBG] Closing data reader to 'main' on server 'C:\Users\xmilk\portfolio\employee-management-app\backend\app.db'.
2025-10-31 21:52:54 [DBG] A data reader for 'main' on server 'C:\Users\xmilk\portfolio\employee-management-app\backend\app.db' is being disposed after spending 3ms reading results.
2025-10-31 21:52:54 [DBG] Closing connection to database 'main' on server 'C:\Users\xmilk\portfolio\employee-management-app\backend\app.db'.
2025-10-31 21:52:54 [DBG] Closed connection to database 'main' on server 'app.db' (0ms).
2025-10-31 21:52:54 [DBG] Compiling query expression: 
'DbSet<User>()
    .Any()'
2025-10-31 21:52:54 [DBG] Generated query execution expression: 
'queryContext => SingleQueryingEnumerable.Create<bool>(
    relationalQueryContext: (RelationalQueryContext)queryContext, 
    relationalCommandResolver: parameters => [LIFTABLE Constant: RelationalCommandCache.QueryExpression(
        Projection Mapping:
            EmptyProjectionMember -> 0
        SELECT EXISTS (
            SELECT 1
            FROM Users AS u)) | Resolver: c => new RelationalCommandCache(
        c.Dependencies.MemoryCache, 
        c.RelationalDependencies.QuerySqlGeneratorFactory, 
        c.RelationalDependencies.RelationalParameterBasedSqlProcessorFactory, 
        Projection Mapping:
            EmptyProjectionMember -> 0
        SELECT EXISTS (
            SELECT 1
            FROM Users AS u), 
        False, 
        new HashSet<string>(
            new string[]{ }, 
            StringComparer.Ordinal
        )
    )].GetRelationalCommandTemplate(parameters), 
    readerColumns: null, 
    shaper: (queryContext, dataReader, resultContext, resultCoordinator) => 
    {
        bool? value1;
        value1 = dataReader.IsDBNull(0) ? default(bool?) : (bool?)dataReader.GetBoolean(0);
        return (bool)value1;
    }, 
    contextType: Backend.Data.AppDbContext, 
    standAloneStateManager: False, 
    detailedErrorsEnabled: False, 
    threadSafetyChecksEnabled: True)
    .Single()'
2025-10-31 21:52:54 [DBG] Opening connection to database 'main' on server 'app.db'.
2025-10-31 21:52:54 [DBG] Opened connection to database 'main' on server 'C:\Users\xmilk\portfolio\employee-management-app\backend\app.db'.
2025-10-31 21:52:54 [DBG] Creating DbCommand for 'ExecuteReader'.
2025-10-31 21:52:54 [DBG] Created DbCommand for 'ExecuteReader' (0ms).
2025-10-31 21:52:54 [DBG] Initialized DbCommand for 'ExecuteReader' (1ms).
2025-10-31 21:52:54 [DBG] Executing DbCommand [Parameters=[], CommandType='"Text"', CommandTimeout='30']
SELECT EXISTS (
    SELECT 1
    FROM "Users" AS "u")
2025-10-31 21:52:54 [INF] Executed DbCommand (1ms) [Parameters=[], CommandType='"Text"', CommandTimeout='30']
SELECT EXISTS (
    SELECT 1
    FROM "Users" AS "u")
2025-10-31 21:52:54 [DBG] Closing data reader to 'main' on server 'C:\Users\xmilk\portfolio\employee-management-app\backend\app.db'.
2025-10-31 21:52:54 [DBG] A data reader for 'main' on server 'C:\Users\xmilk\portfolio\employee-management-app\backend\app.db' is being disposed after spending 0ms reading results.
2025-10-31 21:52:54 [DBG] Closing connection to database 'main' on server 'C:\Users\xmilk\portfolio\employee-management-app\backend\app.db'.
2025-10-31 21:52:54 [DBG] Closed connection to database 'main' on server 'app.db' (0ms).
2025-10-31 21:52:54 [DBG] Context 'AppDbContext' started tracking 'User' entity. Consider using 'DbContextOptionsBuilder.EnableSensitiveDataLogging' to see key values.
2025-10-31 21:52:54 [DBG] Context 'AppDbContext' started tracking 'User' entity. Consider using 'DbContextOptionsBuilder.EnableSensitiveDataLogging' to see key values.
2025-10-31 21:52:54 [DBG] Context 'AppDbContext' started tracking 'User' entity. Consider using 'DbContextOptionsBuilder.EnableSensitiveDataLogging' to see key values.
2025-10-31 21:52:54 [DBG] Context 'AppDbContext' started tracking 'User' entity. Consider using 'DbContextOptionsBuilder.EnableSensitiveDataLogging' to see key values.
2025-10-31 21:52:54 [DBG] Context 'AppDbContext' started tracking 'User' entity. Consider using 'DbContextOptionsBuilder.EnableSensitiveDataLogging' to see key values.
2025-10-31 21:52:54 [DBG] Context 'AppDbContext' started tracking 'User' entity. Consider using 'DbContextOptionsBuilder.EnableSensitiveDataLogging' to see key values.
2025-10-31 21:52:54 [DBG] Context 'AppDbContext' started tracking 'User' entity. Consider using 'DbContextOptionsBuilder.EnableSensitiveDataLogging' to see key values.
2025-10-31 21:52:54 [DBG] Context 'AppDbContext' started tracking 'User' entity. Consider using 'DbContextOptionsBuilder.EnableSensitiveDataLogging' to see key values.
2025-10-31 21:52:54 [DBG] Context 'AppDbContext' started tracking 'User' entity. Consider using 'DbContextOptionsBuilder.EnableSensitiveDataLogging' to see key values.
2025-10-31 21:52:54 [DBG] Context 'AppDbContext' started tracking 'User' entity. Consider using 'DbContextOptionsBuilder.EnableSensitiveDataLogging' to see key values.
2025-10-31 21:52:54 [DBG] The navigation 'Employee.User' was detected as changed. Consider using 'DbContextOptionsBuilder.EnableSensitiveDataLogging' to see key values.
2025-10-31 21:52:54 [DBG] Context 'AppDbContext' started tracking 'Employee' entity. Consider using 'DbContextOptionsBuilder.EnableSensitiveDataLogging' to see key values.
2025-10-31 21:52:54 [DBG] The navigation 'Employee.User' was detected as changed. Consider using 'DbContextOptionsBuilder.EnableSensitiveDataLogging' to see key values.
2025-10-31 21:52:54 [DBG] Context 'AppDbContext' started tracking 'Employee' entity. Consider using 'DbContextOptionsBuilder.EnableSensitiveDataLogging' to see key values.
2025-10-31 21:52:54 [DBG] The navigation 'Employee.User' was detected as changed. Consider using 'DbContextOptionsBuilder.EnableSensitiveDataLogging' to see key values.
2025-10-31 21:52:54 [DBG] Context 'AppDbContext' started tracking 'Employee' entity. Consider using 'DbContextOptionsBuilder.EnableSensitiveDataLogging' to see key values.
2025-10-31 21:52:54 [DBG] The navigation 'Employee.User' was detected as changed. Consider using 'DbContextOptionsBuilder.EnableSensitiveDataLogging' to see key values.
2025-10-31 21:52:54 [DBG] Context 'AppDbContext' started tracking 'Employee' entity. Consider using 'DbContextOptionsBuilder.EnableSensitiveDataLogging' to see key values.
2025-10-31 21:52:54 [DBG] The navigation 'Employee.User' was detected as changed. Consider using 'DbContextOptionsBuilder.EnableSensitiveDataLogging' to see key values.
2025-10-31 21:52:54 [DBG] Context 'AppDbContext' started tracking 'Employee' entity. Consider using 'DbContextOptionsBuilder.EnableSensitiveDataLogging' to see key values.
2025-10-31 21:52:54 [DBG] The navigation 'Employee.User' was detected as changed. Consider using 'DbContextOptionsBuilder.EnableSensitiveDataLogging' to see key values.
2025-10-31 21:52:54 [DBG] Context 'AppDbContext' started tracking 'Employee' entity. Consider using 'DbContextOptionsBuilder.EnableSensitiveDataLogging' to see key values.
2025-10-31 21:52:54 [DBG] The navigation 'Employee.User' was detected as changed. Consider using 'DbContextOptionsBuilder.EnableSensitiveDataLogging' to see key values.
2025-10-31 21:52:54 [DBG] Context 'AppDbContext' started tracking 'Employee' entity. Consider using 'DbContextOptionsBuilder.EnableSensitiveDataLogging' to see key values.
2025-10-31 21:52:54 [DBG] The navigation 'Employee.User' was detected as changed. Consider using 'DbContextOptionsBuilder.EnableSensitiveDataLogging' to see key values.
2025-10-31 21:52:54 [DBG] Context 'AppDbContext' started tracking 'Employee' entity. Consider using 'DbContextOptionsBuilder.EnableSensitiveDataLogging' to see key values.
2025-10-31 21:52:54 [DBG] The navigation 'Employee.User' was detected as changed. Consider using 'DbContextOptionsBuilder.EnableSensitiveDataLogging' to see key values.
2025-10-31 21:52:54 [DBG] Context 'AppDbContext' started tracking 'Employee' entity. Consider using 'DbContextOptionsBuilder.EnableSensitiveDataLogging' to see key values.
2025-10-31 21:52:54 [DBG] The navigation 'Employee.User' was detected as changed. Consider using 'DbContextOptionsBuilder.EnableSensitiveDataLogging' to see key values.
2025-10-31 21:52:54 [DBG] Context 'AppDbContext' started tracking 'Employee' entity. Consider using 'DbContextOptionsBuilder.EnableSensitiveDataLogging' to see key values.
2025-10-31 21:52:54 [DBG] SaveChanges starting for 'AppDbContext'.
2025-10-31 21:52:54 [DBG] DetectChanges starting for 'AppDbContext'.
2025-10-31 21:52:54 [DBG] DetectChanges completed for 'AppDbContext'.
2025-10-31 21:52:54 [DBG] Opening connection to database 'main' on server 'app.db'.
2025-10-31 21:52:54 [DBG] Opened connection to database 'main' on server 'C:\Users\xmilk\portfolio\employee-management-app\backend\app.db'.
2025-10-31 21:52:54 [DBG] Beginning transaction with isolation level 'Unspecified'.
2025-10-31 21:52:54 [DBG] Began transaction with isolation level 'Serializable'.
2025-10-31 21:52:54 [DBG] Creating DbCommand for 'ExecuteReader'.
2025-10-31 21:52:54 [DBG] Created DbCommand for 'ExecuteReader' (0ms).
2025-10-31 21:52:54 [DBG] Initialized DbCommand for 'ExecuteReader' (2ms).
2025-10-31 21:52:54 [DBG] Executing DbCommand [Parameters=[@p0='?' (DbType = Int32), @p1='?' (Size = 23), @p2='?' (Size = 44), @p3='?' (DbType = Int32), @p4='?' (Size = 24)], CommandType='"Text"', CommandTimeout='30']
INSERT INTO "Users" ("Id", "Email", "PasswordHash", "Role", "Salt")
VALUES (@p0, @p1, @p2, @p3, @p4);
2025-10-31 21:52:54 [INF] Executed DbCommand (4ms) [Parameters=[@p0='?' (DbType = Int32), @p1='?' (Size = 23), @p2='?' (Size = 44), @p3='?' (DbType = Int32), @p4='?' (Size = 24)], CommandType='"Text"', CommandTimeout='30']
INSERT INTO "Users" ("Id", "Email", "PasswordHash", "Role", "Salt")
VALUES (@p0, @p1, @p2, @p3, @p4);
2025-10-31 21:52:54 [DBG] Closing data reader to 'main' on server 'C:\Users\xmilk\portfolio\employee-management-app\backend\app.db'.
2025-10-31 21:52:54 [DBG] A data reader for 'main' on server 'C:\Users\xmilk\portfolio\employee-management-app\backend\app.db' is being disposed after spending 1ms reading results.
2025-10-31 21:52:54 [DBG] Creating DbCommand for 'ExecuteReader'.
2025-10-31 21:52:54 [DBG] Created DbCommand for 'ExecuteReader' (0ms).
2025-10-31 21:52:54 [DBG] Initialized DbCommand for 'ExecuteReader' (1ms).
2025-10-31 21:52:54 [DBG] Executing DbCommand [Parameters=[@p0='?' (DbType = Int32), @p1='?' (Size = 25), @p2='?' (Size = 44), @p3='?' (DbType = Int32), @p4='?' (Size = 24)], CommandType='"Text"', CommandTimeout='30']
INSERT INTO "Users" ("Id", "Email", "PasswordHash", "Role", "Salt")
VALUES (@p0, @p1, @p2, @p3, @p4);
2025-10-31 21:52:54 [INF] Executed DbCommand (1ms) [Parameters=[@p0='?' (DbType = Int32), @p1='?' (Size = 25), @p2='?' (Size = 44), @p3='?' (DbType = Int32), @p4='?' (Size = 24)], CommandType='"Text"', CommandTimeout='30']
INSERT INTO "Users" ("Id", "Email", "PasswordHash", "Role", "Salt")
VALUES (@p0, @p1, @p2, @p3, @p4);
2025-10-31 21:52:54 [DBG] Closing data reader to 'main' on server 'C:\Users\xmilk\portfolio\employee-management-app\backend\app.db'.
2025-10-31 21:52:54 [DBG] A data reader for 'main' on server 'C:\Users\xmilk\portfolio\employee-management-app\backend\app.db' is being disposed after spending 1ms reading results.
2025-10-31 21:52:54 [DBG] Creating DbCommand for 'ExecuteReader'.
2025-10-31 21:52:54 [DBG] Created DbCommand for 'ExecuteReader' (0ms).
2025-10-31 21:52:54 [DBG] Initialized DbCommand for 'ExecuteReader' (1ms).
2025-10-31 21:52:54 [DBG] Executing DbCommand [Parameters=[@p0='?' (DbType = Int32), @p1='?' (Size = 27), @p2='?' (Size = 44), @p3='?' (DbType = Int32), @p4='?' (Size = 24)], CommandType='"Text"', CommandTimeout='30']
INSERT INTO "Users" ("Id", "Email", "PasswordHash", "Role", "Salt")
VALUES (@p0, @p1, @p2, @p3, @p4);
2025-10-31 21:52:54 [INF] Executed DbCommand (1ms) [Parameters=[@p0='?' (DbType = Int32), @p1='?' (Size = 27), @p2='?' (Size = 44), @p3='?' (DbType = Int32), @p4='?' (Size = 24)], CommandType='"Text"', CommandTimeout='30']
INSERT INTO "Users" ("Id", "Email", "PasswordHash", "Role", "Salt")
VALUES (@p0, @p1, @p2, @p3, @p4);
2025-10-31 21:52:54 [DBG] Closing data reader to 'main' on server 'C:\Users\xmilk\portfolio\employee-management-app\backend\app.db'.
2025-10-31 21:52:54 [DBG] A data reader for 'main' on server 'C:\Users\xmilk\portfolio\employee-management-app\backend\app.db' is being disposed after spending 0ms reading results.
2025-10-31 21:52:54 [DBG] Creating DbCommand for 'ExecuteReader'.
2025-10-31 21:52:54 [DBG] Created DbCommand for 'ExecuteReader' (0ms).
2025-10-31 21:52:54 [DBG] Initialized DbCommand for 'ExecuteReader' (0ms).
2025-10-31 21:52:54 [DBG] Executing DbCommand [Parameters=[@p0='?' (DbType = Int32), @p1='?' (Size = 27), @p2='?' (Size = 44), @p3='?' (DbType = Int32), @p4='?' (Size = 24)], CommandType='"Text"', CommandTimeout='30']
INSERT INTO "Users" ("Id", "Email", "PasswordHash", "Role", "Salt")
VALUES (@p0, @p1, @p2, @p3, @p4);
2025-10-31 21:52:54 [INF] Executed DbCommand (1ms) [Parameters=[@p0='?' (DbType = Int32), @p1='?' (Size = 27), @p2='?' (Size = 44), @p3='?' (DbType = Int32), @p4='?' (Size = 24)], CommandType='"Text"', CommandTimeout='30']
INSERT INTO "Users" ("Id", "Email", "PasswordHash", "Role", "Salt")
VALUES (@p0, @p1, @p2, @p3, @p4);
2025-10-31 21:52:54 [DBG] Closing data reader to 'main' on server 'C:\Users\xmilk\portfolio\employee-management-app\backend\app.db'.
2025-10-31 21:52:54 [DBG] A data reader for 'main' on server 'C:\Users\xmilk\portfolio\employee-management-app\backend\app.db' is being disposed after spending 0ms reading results.
2025-10-31 21:52:54 [DBG] Creating DbCommand for 'ExecuteReader'.
2025-10-31 21:52:54 [DBG] Created DbCommand for 'ExecuteReader' (0ms).
2025-10-31 21:52:54 [DBG] Initialized DbCommand for 'ExecuteReader' (1ms).
2025-10-31 21:52:54 [DBG] Executing DbCommand [Parameters=[@p0='?' (DbType = Int32), @p1='?' (Size = 27), @p2='?' (Size = 44), @p3='?' (DbType = Int32), @p4='?' (Size = 24)], CommandType='"Text"', CommandTimeout='30']
INSERT INTO "Users" ("Id", "Email", "PasswordHash", "Role", "Salt")
VALUES (@p0, @p1, @p2, @p3, @p4);
2025-10-31 21:52:54 [INF] Executed DbCommand (1ms) [Parameters=[@p0='?' (DbType = Int32), @p1='?' (Size = 27), @p2='?' (Size = 44), @p3='?' (DbType = Int32), @p4='?' (Size = 24)], CommandType='"Text"', CommandTimeout='30']
INSERT INTO "Users" ("Id", "Email", "PasswordHash", "Role", "Salt")
VALUES (@p0, @p1, @p2, @p3, @p4);
2025-10-31 21:52:54 [DBG] Closing data reader to 'main' on server 'C:\Users\xmilk\portfolio\employee-management-app\backend\app.db'.
2025-10-31 21:52:54 [DBG] A data reader for 'main' on server 'C:\Users\xmilk\portfolio\employee-management-app\backend\app.db' is being disposed after spending 0ms reading results.
2025-10-31 21:52:54 [DBG] Creating DbCommand for 'ExecuteReader'.
2025-10-31 21:52:54 [DBG] Created DbCommand for 'ExecuteReader' (0ms).
2025-10-31 21:52:54 [DBG] Initialized DbCommand for 'ExecuteReader' (1ms).
2025-10-31 21:52:54 [DBG] Executing DbCommand [Parameters=[@p0='?' (DbType = Int32), @p1='?' (Size = 27), @p2='?' (Size = 44), @p3='?' (DbType = Int32), @p4='?' (Size = 24)], CommandType='"Text"', CommandTimeout='30']
INSERT INTO "Users" ("Id", "Email", "PasswordHash", "Role", "Salt")
VALUES (@p0, @p1, @p2, @p3, @p4);
2025-10-31 21:52:54 [INF] Executed DbCommand (1ms) [Parameters=[@p0='?' (DbType = Int32), @p1='?' (Size = 27), @p2='?' (Size = 44), @p3='?' (DbType = Int32), @p4='?' (Size = 24)], CommandType='"Text"', CommandTimeout='30']
INSERT INTO "Users" ("Id", "Email", "PasswordHash", "Role", "Salt")
VALUES (@p0, @p1, @p2, @p3, @p4);
2025-10-31 21:52:54 [DBG] Closing data reader to 'main' on server 'C:\Users\xmilk\portfolio\employee-management-app\backend\app.db'.
2025-10-31 21:52:54 [DBG] A data reader for 'main' on server 'C:\Users\xmilk\portfolio\employee-management-app\backend\app.db' is being disposed after spending 0ms reading results.
2025-10-31 21:52:54 [DBG] Creating DbCommand for 'ExecuteReader'.
2025-10-31 21:52:54 [DBG] Created DbCommand for 'ExecuteReader' (0ms).
2025-10-31 21:52:54 [DBG] Initialized DbCommand for 'ExecuteReader' (0ms).
2025-10-31 21:52:54 [DBG] Executing DbCommand [Parameters=[@p0='?' (DbType = Int32), @p1='?' (Size = 27), @p2='?' (Size = 44), @p3='?' (DbType = Int32), @p4='?' (Size = 24)], CommandType='"Text"', CommandTimeout='30']
INSERT INTO "Users" ("Id", "Email", "PasswordHash", "Role", "Salt")
VALUES (@p0, @p1, @p2, @p3, @p4);
2025-10-31 21:52:54 [INF] Executed DbCommand (1ms) [Parameters=[@p0='?' (DbType = Int32), @p1='?' (Size = 27), @p2='?' (Size = 44), @p3='?' (DbType = Int32), @p4='?' (Size = 24)], CommandType='"Text"', CommandTimeout='30']
INSERT INTO "Users" ("Id", "Email", "PasswordHash", "Role", "Salt")
VALUES (@p0, @p1, @p2, @p3, @p4);
2025-10-31 21:52:54 [DBG] Closing data reader to 'main' on server 'C:\Users\xmilk\portfolio\employee-management-app\backend\app.db'.
2025-10-31 21:52:54 [DBG] A data reader for 'main' on server 'C:\Users\xmilk\portfolio\employee-management-app\backend\app.db' is being disposed after spending 0ms reading results.
2025-10-31 21:52:54 [DBG] Creating DbCommand for 'ExecuteReader'.
2025-10-31 21:52:54 [DBG] Created DbCommand for 'ExecuteReader' (0ms).
2025-10-31 21:52:54 [DBG] Initialized DbCommand for 'ExecuteReader' (1ms).
2025-10-31 21:52:54 [DBG] Executing DbCommand [Parameters=[@p0='?' (DbType = Int32), @p1='?' (Size = 27), @p2='?' (Size = 44), @p3='?' (DbType = Int32), @p4='?' (Size = 24)], CommandType='"Text"', CommandTimeout='30']
INSERT INTO "Users" ("Id", "Email", "PasswordHash", "Role", "Salt")
VALUES (@p0, @p1, @p2, @p3, @p4);
2025-10-31 21:52:54 [INF] Executed DbCommand (1ms) [Parameters=[@p0='?' (DbType = Int32), @p1='?' (Size = 27), @p2='?' (Size = 44), @p3='?' (DbType = Int32), @p4='?' (Size = 24)], CommandType='"Text"', CommandTimeout='30']
INSERT INTO "Users" ("Id", "Email", "PasswordHash", "Role", "Salt")
VALUES (@p0, @p1, @p2, @p3, @p4);
2025-10-31 21:52:54 [DBG] Closing data reader to 'main' on server 'C:\Users\xmilk\portfolio\employee-management-app\backend\app.db'.
2025-10-31 21:52:54 [DBG] A data reader for 'main' on server 'C:\Users\xmilk\portfolio\employee-management-app\backend\app.db' is being disposed after spending 0ms reading results.
2025-10-31 21:52:54 [DBG] Creating DbCommand for 'ExecuteReader'.
2025-10-31 21:52:54 [DBG] Created DbCommand for 'ExecuteReader' (0ms).
2025-10-31 21:52:54 [DBG] Initialized DbCommand for 'ExecuteReader' (1ms).
2025-10-31 21:52:54 [DBG] Executing DbCommand [Parameters=[@p0='?' (DbType = Int32), @p1='?' (Size = 27), @p2='?' (Size = 44), @p3='?' (DbType = Int32), @p4='?' (Size = 24)], CommandType='"Text"', CommandTimeout='30']
INSERT INTO "Users" ("Id", "Email", "PasswordHash", "Role", "Salt")
VALUES (@p0, @p1, @p2, @p3, @p4);
2025-10-31 21:52:54 [INF] Executed DbCommand (1ms) [Parameters=[@p0='?' (DbType = Int32), @p1='?' (Size = 27), @p2='?' (Size = 44), @p3='?' (DbType = Int32), @p4='?' (Size = 24)], CommandType='"Text"', CommandTimeout='30']
INSERT INTO "Users" ("Id", "Email", "PasswordHash", "Role", "Salt")
VALUES (@p0, @p1, @p2, @p3, @p4);
2025-10-31 21:52:54 [DBG] Closing data reader to 'main' on server 'C:\Users\xmilk\portfolio\employee-management-app\backend\app.db'.
2025-10-31 21:52:54 [DBG] A data reader for 'main' on server 'C:\Users\xmilk\portfolio\employee-management-app\backend\app.db' is being disposed after spending 0ms reading results.
2025-10-31 21:52:54 [DBG] Creating DbCommand for 'ExecuteReader'.
2025-10-31 21:52:54 [DBG] Created DbCommand for 'ExecuteReader' (0ms).
2025-10-31 21:52:54 [DBG] Initialized DbCommand for 'ExecuteReader' (2ms).
2025-10-31 21:52:54 [DBG] Executing DbCommand [Parameters=[@p0='?' (DbType = Int32), @p1='?' (Size = 25), @p2='?' (Size = 44), @p3='?' (DbType = Int32), @p4='?' (Size = 24)], CommandType='"Text"', CommandTimeout='30']
INSERT INTO "Users" ("Id", "Email", "PasswordHash", "Role", "Salt")
VALUES (@p0, @p1, @p2, @p3, @p4);
2025-10-31 21:52:54 [INF] Executed DbCommand (1ms) [Parameters=[@p0='?' (DbType = Int32), @p1='?' (Size = 25), @p2='?' (Size = 44), @p3='?' (DbType = Int32), @p4='?' (Size = 24)], CommandType='"Text"', CommandTimeout='30']
INSERT INTO "Users" ("Id", "Email", "PasswordHash", "Role", "Salt")
VALUES (@p0, @p1, @p2, @p3, @p4);
2025-10-31 21:52:54 [DBG] Closing data reader to 'main' on server 'C:\Users\xmilk\portfolio\employee-management-app\backend\app.db'.
2025-10-31 21:52:54 [DBG] A data reader for 'main' on server 'C:\Users\xmilk\portfolio\employee-management-app\backend\app.db' is being disposed after spending 0ms reading results.
2025-10-31 21:52:54 [DBG] Creating DbCommand for 'ExecuteReader'.
2025-10-31 21:52:54 [DBG] Created DbCommand for 'ExecuteReader' (0ms).
2025-10-31 21:52:54 [DBG] Initialized DbCommand for 'ExecuteReader' (1ms).
2025-10-31 21:52:54 [DBG] Executing DbCommand [Parameters=[@p0='?' (DbType = Int32), @p1='?' (Size = 6), @p2='?' (Size = 2), @p3='?' (DbType = DateTime), @p4='?' (Size = 15), @p5='?' (DbType = Int32), @p6='?' (DbType = DateTime), @p7='?' (DbType = Int32), @p8='?' (DbType = Int32)], CommandType='"Text"', CommandTimeout='30']
INSERT INTO "Employees" ("Id", "Address", "CurrentWorkplace", "DateOfBirth", "FullName", "Gender", "JoinDate", "UserId", "VacationRemaining")
VALUES (@p0, @p1, @p2, @p3, @p4, @p5, @p6, @p7, @p8);
2025-10-31 21:52:54 [INF] Executed DbCommand (2ms) [Parameters=[@p0='?' (DbType = Int32), @p1='?' (Size = 6), @p2='?' (Size = 2), @p3='?' (DbType = DateTime), @p4='?' (Size = 15), @p5='?' (DbType = Int32), @p6='?' (DbType = DateTime), @p7='?' (DbType = Int32), @p8='?' (DbType = Int32)], CommandType='"Text"', CommandTimeout='30']
INSERT INTO "Employees" ("Id", "Address", "CurrentWorkplace", "DateOfBirth", "FullName", "Gender", "JoinDate", "UserId", "VacationRemaining")
VALUES (@p0, @p1, @p2, @p3, @p4, @p5, @p6, @p7, @p8);
2025-10-31 21:52:54 [DBG] Closing data reader to 'main' on server 'C:\Users\xmilk\portfolio\employee-management-app\backend\app.db'.
2025-10-31 21:52:54 [DBG] A data reader for 'main' on server 'C:\Users\xmilk\portfolio\employee-management-app\backend\app.db' is being disposed after spending 0ms reading results.
2025-10-31 21:52:54 [DBG] Creating DbCommand for 'ExecuteReader'.
2025-10-31 21:52:54 [DBG] Created DbCommand for 'ExecuteReader' (0ms).
2025-10-31 21:52:54 [DBG] Initialized DbCommand for 'ExecuteReader' (0ms).
2025-10-31 21:52:54 [DBG] Executing DbCommand [Parameters=[@p0='?' (DbType = Int32), @p1='?' (Size = 7), @p2='?' (Size = 4), @p3='?' (DbType = DateTime), @p4='?' (Size = 17), @p5='?' (DbType = Int32), @p6='?' (DbType = DateTime), @p7='?' (DbType = Int32), @p8='?' (DbType = Int32)], CommandType='"Text"', CommandTimeout='30']
INSERT INTO "Employees" ("Id", "Address", "CurrentWorkplace", "DateOfBirth", "FullName", "Gender", "JoinDate", "UserId", "VacationRemaining")
VALUES (@p0, @p1, @p2, @p3, @p4, @p5, @p6, @p7, @p8);
2025-10-31 21:52:54 [INF] Executed DbCommand (1ms) [Parameters=[@p0='?' (DbType = Int32), @p1='?' (Size = 7), @p2='?' (Size = 4), @p3='?' (DbType = DateTime), @p4='?' (Size = 17), @p5='?' (DbType = Int32), @p6='?' (DbType = DateTime), @p7='?' (DbType = Int32), @p8='?' (DbType = Int32)], CommandType='"Text"', CommandTimeout='30']
INSERT INTO "Employees" ("Id", "Address", "CurrentWorkplace", "DateOfBirth", "FullName", "Gender", "JoinDate", "UserId", "VacationRemaining")
VALUES (@p0, @p1, @p2, @p3, @p4, @p5, @p6, @p7, @p8);
2025-10-31 21:52:54 [DBG] Closing data reader to 'main' on server 'C:\Users\xmilk\portfolio\employee-management-app\backend\app.db'.
2025-10-31 21:52:54 [DBG] A data reader for 'main' on server 'C:\Users\xmilk\portfolio\employee-management-app\backend\app.db' is being disposed after spending 0ms reading results.
2025-10-31 21:52:54 [DBG] Creating DbCommand for 'ExecuteReader'.
2025-10-31 21:52:54 [DBG] Created DbCommand for 'ExecuteReader' (0ms).
2025-10-31 21:52:54 [DBG] Initialized DbCommand for 'ExecuteReader' (1ms).
2025-10-31 21:52:54 [DBG] Executing DbCommand [Parameters=[@p0='?' (DbType = Int32), @p1='?' (Size = 11), @p2='?' (Size = 4), @p3='?' (DbType = DateTime), @p4='?' (Size = 9), @p5='?' (DbType = Int32), @p6='?' (DbType = DateTime), @p7='?' (DbType = Int32), @p8='?' (DbType = Int32)], CommandType='"Text"', CommandTimeout='30']
INSERT INTO "Employees" ("Id", "Address", "CurrentWorkplace", "DateOfBirth", "FullName", "Gender", "JoinDate", "UserId", "VacationRemaining")
VALUES (@p0, @p1, @p2, @p3, @p4, @p5, @p6, @p7, @p8);
2025-10-31 21:52:54 [INF] Executed DbCommand (1ms) [Parameters=[@p0='?' (DbType = Int32), @p1='?' (Size = 11), @p2='?' (Size = 4), @p3='?' (DbType = DateTime), @p4='?' (Size = 9), @p5='?' (DbType = Int32), @p6='?' (DbType = DateTime), @p7='?' (DbType = Int32), @p8='?' (DbType = Int32)], CommandType='"Text"', CommandTimeout='30']
INSERT INTO "Employees" ("Id", "Address", "CurrentWorkplace", "DateOfBirth", "FullName", "Gender", "JoinDate", "UserId", "VacationRemaining")
VALUES (@p0, @p1, @p2, @p3, @p4, @p5, @p6, @p7, @p8);
2025-10-31 21:52:54 [DBG] Closing data reader to 'main' on server 'C:\Users\xmilk\portfolio\employee-management-app\backend\app.db'.
2025-10-31 21:52:54 [DBG] A data reader for 'main' on server 'C:\Users\xmilk\portfolio\employee-management-app\backend\app.db' is being disposed after spending 0ms reading results.
2025-10-31 21:52:54 [DBG] Creating DbCommand for 'ExecuteReader'.
2025-10-31 21:52:54 [DBG] Created DbCommand for 'ExecuteReader' (0ms).
2025-10-31 21:52:54 [DBG] Initialized DbCommand for 'ExecuteReader' (1ms).
2025-10-31 21:52:54 [DBG] Executing DbCommand [Parameters=[@p0='?' (DbType = Int32), @p1='?' (Size = 11), @p2='?' (Size = 4), @p3='?' (DbType = DateTime), @p4='?' (Size = 9), @p5='?' (DbType = Int32), @p6='?' (DbType = DateTime), @p7='?' (DbType = Int32), @p8='?' (DbType = Int32)], CommandType='"Text"', CommandTimeout='30']
INSERT INTO "Employees" ("Id", "Address", "CurrentWorkplace", "DateOfBirth", "FullName", "Gender", "JoinDate", "UserId", "VacationRemaining")
VALUES (@p0, @p1, @p2, @p3, @p4, @p5, @p6, @p7, @p8);
2025-10-31 21:52:54 [INF] Executed DbCommand (1ms) [Parameters=[@p0='?' (DbType = Int32), @p1='?' (Size = 11), @p2='?' (Size = 4), @p3='?' (DbType = DateTime), @p4='?' (Size = 9), @p5='?' (DbType = Int32), @p6='?' (DbType = DateTime), @p7='?' (DbType = Int32), @p8='?' (DbType = Int32)], CommandType='"Text"', CommandTimeout='30']
INSERT INTO "Employees" ("Id", "Address", "CurrentWorkplace", "DateOfBirth", "FullName", "Gender", "JoinDate", "UserId", "VacationRemaining")
VALUES (@p0, @p1, @p2, @p3, @p4, @p5, @p6, @p7, @p8);
2025-10-31 21:52:54 [DBG] Closing data reader to 'main' on server 'C:\Users\xmilk\portfolio\employee-management-app\backend\app.db'.
2025-10-31 21:52:54 [DBG] A data reader for 'main' on server 'C:\Users\xmilk\portfolio\employee-management-app\backend\app.db' is being disposed after spending 0ms reading results.
2025-10-31 21:52:54 [DBG] Creating DbCommand for 'ExecuteReader'.
2025-10-31 21:52:54 [DBG] Created DbCommand for 'ExecuteReader' (0ms).
2025-10-31 21:52:54 [DBG] Initialized DbCommand for 'ExecuteReader' (1ms).
2025-10-31 21:52:54 [DBG] Executing DbCommand [Parameters=[@p0='?' (DbType = Int32), @p1='?' (Size = 11), @p2='?' (Size = 4), @p3='?' (DbType = DateTime), @p4='?' (Size = 9), @p5='?' (DbType = Int32), @p6='?' (DbType = DateTime), @p7='?' (DbType = Int32), @p8='?' (DbType = Int32)], CommandType='"Text"', CommandTimeout='30']
INSERT INTO "Employees" ("Id", "Address", "CurrentWorkplace", "DateOfBirth", "FullName", "Gender", "JoinDate", "UserId", "VacationRemaining")
VALUES (@p0, @p1, @p2, @p3, @p4, @p5, @p6, @p7, @p8);
2025-10-31 21:52:54 [INF] Executed DbCommand (1ms) [Parameters=[@p0='?' (DbType = Int32), @p1='?' (Size = 11), @p2='?' (Size = 4), @p3='?' (DbType = DateTime), @p4='?' (Size = 9), @p5='?' (DbType = Int32), @p6='?' (DbType = DateTime), @p7='?' (DbType = Int32), @p8='?' (DbType = Int32)], CommandType='"Text"', CommandTimeout='30']
INSERT INTO "Employees" ("Id", "Address", "CurrentWorkplace", "DateOfBirth", "FullName", "Gender", "JoinDate", "UserId", "VacationRemaining")
VALUES (@p0, @p1, @p2, @p3, @p4, @p5, @p6, @p7, @p8);
2025-10-31 21:52:54 [DBG] Closing data reader to 'main' on server 'C:\Users\xmilk\portfolio\employee-management-app\backend\app.db'.
2025-10-31 21:52:54 [DBG] A data reader for 'main' on server 'C:\Users\xmilk\portfolio\employee-management-app\backend\app.db' is being disposed after spending 0ms reading results.
2025-10-31 21:52:54 [DBG] Creating DbCommand for 'ExecuteReader'.
2025-10-31 21:52:54 [DBG] Created DbCommand for 'ExecuteReader' (0ms).
2025-10-31 21:52:54 [DBG] Initialized DbCommand for 'ExecuteReader' (0ms).
2025-10-31 21:52:54 [DBG] Executing DbCommand [Parameters=[@p0='?' (DbType = Int32), @p1='?' (Size = 11), @p2='?' (Size = 4), @p3='?' (DbType = DateTime), @p4='?' (Size = 9), @p5='?' (DbType = Int32), @p6='?' (DbType = DateTime), @p7='?' (DbType = Int32), @p8='?' (DbType = Int32)], CommandType='"Text"', CommandTimeout='30']
INSERT INTO "Employees" ("Id", "Address", "CurrentWorkplace", "DateOfBirth", "FullName", "Gender", "JoinDate", "UserId", "VacationRemaining")
VALUES (@p0, @p1, @p2, @p3, @p4, @p5, @p6, @p7, @p8);
2025-10-31 21:52:54 [INF] Executed DbCommand (1ms) [Parameters=[@p0='?' (DbType = Int32), @p1='?' (Size = 11), @p2='?' (Size = 4), @p3='?' (DbType = DateTime), @p4='?' (Size = 9), @p5='?' (DbType = Int32), @p6='?' (DbType = DateTime), @p7='?' (DbType = Int32), @p8='?' (DbType = Int32)], CommandType='"Text"', CommandTimeout='30']
INSERT INTO "Employees" ("Id", "Address", "CurrentWorkplace", "DateOfBirth", "FullName", "Gender", "JoinDate", "UserId", "VacationRemaining")
VALUES (@p0, @p1, @p2, @p3, @p4, @p5, @p6, @p7, @p8);
2025-10-31 21:52:54 [DBG] Closing data reader to 'main' on server 'C:\Users\xmilk\portfolio\employee-management-app\backend\app.db'.
2025-10-31 21:52:54 [DBG] A data reader for 'main' on server 'C:\Users\xmilk\portfolio\employee-management-app\backend\app.db' is being disposed after spending 0ms reading results.
2025-10-31 21:52:54 [DBG] Creating DbCommand for 'ExecuteReader'.
2025-10-31 21:52:54 [DBG] Created DbCommand for 'ExecuteReader' (0ms).
2025-10-31 21:52:54 [DBG] Initialized DbCommand for 'ExecuteReader' (0ms).
2025-10-31 21:52:54 [DBG] Executing DbCommand [Parameters=[@p0='?' (DbType = Int32), @p1='?' (Size = 11), @p2='?' (Size = 4), @p3='?' (DbType = DateTime), @p4='?' (Size = 9), @p5='?' (DbType = Int32), @p6='?' (DbType = DateTime), @p7='?' (DbType = Int32), @p8='?' (DbType = Int32)], CommandType='"Text"', CommandTimeout='30']
INSERT INTO "Employees" ("Id", "Address", "CurrentWorkplace", "DateOfBirth", "FullName", "Gender", "JoinDate", "UserId", "VacationRemaining")
VALUES (@p0, @p1, @p2, @p3, @p4, @p5, @p6, @p7, @p8);
2025-10-31 21:52:54 [INF] Executed DbCommand (1ms) [Parameters=[@p0='?' (DbType = Int32), @p1='?' (Size = 11), @p2='?' (Size = 4), @p3='?' (DbType = DateTime), @p4='?' (Size = 9), @p5='?' (DbType = Int32), @p6='?' (DbType = DateTime), @p7='?' (DbType = Int32), @p8='?' (DbType = Int32)], CommandType='"Text"', CommandTimeout='30']
INSERT INTO "Employees" ("Id", "Address", "CurrentWorkplace", "DateOfBirth", "FullName", "Gender", "JoinDate", "UserId", "VacationRemaining")
VALUES (@p0, @p1, @p2, @p3, @p4, @p5, @p6, @p7, @p8);
2025-10-31 21:52:54 [DBG] Closing data reader to 'main' on server 'C:\Users\xmilk\portfolio\employee-management-app\backend\app.db'.
2025-10-31 21:52:54 [DBG] A data reader for 'main' on server 'C:\Users\xmilk\portfolio\employee-management-app\backend\app.db' is being disposed after spending 0ms reading results.
2025-10-31 21:52:54 [DBG] Creating DbCommand for 'ExecuteReader'.
2025-10-31 21:52:54 [DBG] Created DbCommand for 'ExecuteReader' (0ms).
2025-10-31 21:52:54 [DBG] Initialized DbCommand for 'ExecuteReader' (0ms).
2025-10-31 21:52:54 [DBG] Executing DbCommand [Parameters=[@p0='?' (DbType = Int32), @p1='?' (Size = 11), @p2='?' (Size = 4), @p3='?' (DbType = DateTime), @p4='?' (Size = 9), @p5='?' (DbType = Int32), @p6='?' (DbType = DateTime), @p7='?' (DbType = Int32), @p8='?' (DbType = Int32)], CommandType='"Text"', CommandTimeout='30']
INSERT INTO "Employees" ("Id", "Address", "CurrentWorkplace", "DateOfBirth", "FullName", "Gender", "JoinDate", "UserId", "VacationRemaining")
VALUES (@p0, @p1, @p2, @p3, @p4, @p5, @p6, @p7, @p8);
2025-10-31 21:52:54 [INF] Executed DbCommand (1ms) [Parameters=[@p0='?' (DbType = Int32), @p1='?' (Size = 11), @p2='?' (Size = 4), @p3='?' (DbType = DateTime), @p4='?' (Size = 9), @p5='?' (DbType = Int32), @p6='?' (DbType = DateTime), @p7='?' (DbType = Int32), @p8='?' (DbType = Int32)], CommandType='"Text"', CommandTimeout='30']
INSERT INTO "Employees" ("Id", "Address", "CurrentWorkplace", "DateOfBirth", "FullName", "Gender", "JoinDate", "UserId", "VacationRemaining")
VALUES (@p0, @p1, @p2, @p3, @p4, @p5, @p6, @p7, @p8);
2025-10-31 21:52:54 [DBG] Closing data reader to 'main' on server 'C:\Users\xmilk\portfolio\employee-management-app\backend\app.db'.
2025-10-31 21:52:54 [DBG] A data reader for 'main' on server 'C:\Users\xmilk\portfolio\employee-management-app\backend\app.db' is being disposed after spending 0ms reading results.
2025-10-31 21:52:54 [DBG] Creating DbCommand for 'ExecuteReader'.
2025-10-31 21:52:54 [DBG] Created DbCommand for 'ExecuteReader' (0ms).
2025-10-31 21:52:54 [DBG] Initialized DbCommand for 'ExecuteReader' (0ms).
2025-10-31 21:52:54 [DBG] Executing DbCommand [Parameters=[@p0='?' (DbType = Int32), @p1='?' (Size = 11), @p2='?' (Size = 4), @p3='?' (DbType = DateTime), @p4='?' (Size = 9), @p5='?' (DbType = Int32), @p6='?' (DbType = DateTime), @p7='?' (DbType = Int32), @p8='?' (DbType = Int32)], CommandType='"Text"', CommandTimeout='30']
INSERT INTO "Employees" ("Id", "Address", "CurrentWorkplace", "DateOfBirth", "FullName", "Gender", "JoinDate", "UserId", "VacationRemaining")
VALUES (@p0, @p1, @p2, @p3, @p4, @p5, @p6, @p7, @p8);
2025-10-31 21:52:54 [INF] Executed DbCommand (1ms) [Parameters=[@p0='?' (DbType = Int32), @p1='?' (Size = 11), @p2='?' (Size = 4), @p3='?' (DbType = DateTime), @p4='?' (Size = 9), @p5='?' (DbType = Int32), @p6='?' (DbType = DateTime), @p7='?' (DbType = Int32), @p8='?' (DbType = Int32)], CommandType='"Text"', CommandTimeout='30']
INSERT INTO "Employees" ("Id", "Address", "CurrentWorkplace", "DateOfBirth", "FullName", "Gender", "JoinDate", "UserId", "VacationRemaining")
VALUES (@p0, @p1, @p2, @p3, @p4, @p5, @p6, @p7, @p8);
2025-10-31 21:52:54 [DBG] Closing data reader to 'main' on server 'C:\Users\xmilk\portfolio\employee-management-app\backend\app.db'.
2025-10-31 21:52:54 [DBG] A data reader for 'main' on server 'C:\Users\xmilk\portfolio\employee-management-app\backend\app.db' is being disposed after spending 1ms reading results.
2025-10-31 21:52:54 [DBG] Creating DbCommand for 'ExecuteReader'.
2025-10-31 21:52:54 [DBG] Created DbCommand for 'ExecuteReader' (0ms).
2025-10-31 21:52:54 [DBG] Initialized DbCommand for 'ExecuteReader' (1ms).
2025-10-31 21:52:54 [DBG] Executing DbCommand [Parameters=[@p0='?' (DbType = Int32), @p1='?' (Size = 11), @p2='?' (Size = 2), @p3='?' (DbType = DateTime), @p4='?' (Size = 10), @p5='?' (DbType = Int32), @p6='?' (DbType = DateTime), @p7='?' (DbType = Int32), @p8='?' (DbType = Int32)], CommandType='"Text"', CommandTimeout='30']
INSERT INTO "Employees" ("Id", "Address", "CurrentWorkplace", "DateOfBirth", "FullName", "Gender", "JoinDate", "UserId", "VacationRemaining")
VALUES (@p0, @p1, @p2, @p3, @p4, @p5, @p6, @p7, @p8);
2025-10-31 21:52:54 [INF] Executed DbCommand (1ms) [Parameters=[@p0='?' (DbType = Int32), @p1='?' (Size = 11), @p2='?' (Size = 2), @p3='?' (DbType = DateTime), @p4='?' (Size = 10), @p5='?' (DbType = Int32), @p6='?' (DbType = DateTime), @p7='?' (DbType = Int32), @p8='?' (DbType = Int32)], CommandType='"Text"', CommandTimeout='30']
INSERT INTO "Employees" ("Id", "Address", "CurrentWorkplace", "DateOfBirth", "FullName", "Gender", "JoinDate", "UserId", "VacationRemaining")
VALUES (@p0, @p1, @p2, @p3, @p4, @p5, @p6, @p7, @p8);
2025-10-31 21:52:54 [DBG] Closing data reader to 'main' on server 'C:\Users\xmilk\portfolio\employee-management-app\backend\app.db'.
2025-10-31 21:52:54 [DBG] A data reader for 'main' on server 'C:\Users\xmilk\portfolio\employee-management-app\backend\app.db' is being disposed after spending 0ms reading results.
2025-10-31 21:52:54 [DBG] Committing transaction.
2025-10-31 21:52:54 [DBG] Committed transaction.
2025-10-31 21:52:54 [DBG] Closing connection to database 'main' on server 'C:\Users\xmilk\portfolio\employee-management-app\backend\app.db'.
2025-10-31 21:52:54 [DBG] Closed connection to database 'main' on server 'app.db' (0ms).
2025-10-31 21:52:54 [DBG] Disposing transaction.
2025-10-31 21:52:54 [DBG] An entity of type 'User' tracked by 'AppDbContext' changed state from '"Added"' to '"Unchanged"'. Consider using 'DbContextOptionsBuilder.EnableSensitiveDataLogging' to see key values.
2025-10-31 21:52:54 [DBG] An entity of type 'User' tracked by 'AppDbContext' changed state from '"Added"' to '"Unchanged"'. Consider using 'DbContextOptionsBuilder.EnableSensitiveDataLogging' to see key values.
2025-10-31 21:52:54 [DBG] An entity of type 'User' tracked by 'AppDbContext' changed state from '"Added"' to '"Unchanged"'. Consider using 'DbContextOptionsBuilder.EnableSensitiveDataLogging' to see key values.
2025-10-31 21:52:54 [DBG] An entity of type 'User' tracked by 'AppDbContext' changed state from '"Added"' to '"Unchanged"'. Consider using 'DbContextOptionsBuilder.EnableSensitiveDataLogging' to see key values.
2025-10-31 21:52:54 [DBG] An entity of type 'User' tracked by 'AppDbContext' changed state from '"Added"' to '"Unchanged"'. Consider using 'DbContextOptionsBuilder.EnableSensitiveDataLogging' to see key values.
2025-10-31 21:52:54 [DBG] An entity of type 'User' tracked by 'AppDbContext' changed state from '"Added"' to '"Unchanged"'. Consider using 'DbContextOptionsBuilder.EnableSensitiveDataLogging' to see key values.
2025-10-31 21:52:54 [DBG] An entity of type 'User' tracked by 'AppDbContext' changed state from '"Added"' to '"Unchanged"'. Consider using 'DbContextOptionsBuilder.EnableSensitiveDataLogging' to see key values.
2025-10-31 21:52:54 [DBG] An entity of type 'User' tracked by 'AppDbContext' changed state from '"Added"' to '"Unchanged"'. Consider using 'DbContextOptionsBuilder.EnableSensitiveDataLogging' to see key values.
2025-10-31 21:52:54 [DBG] An entity of type 'User' tracked by 'AppDbContext' changed state from '"Added"' to '"Unchanged"'. Consider using 'DbContextOptionsBuilder.EnableSensitiveDataLogging' to see key values.
2025-10-31 21:52:54 [DBG] An entity of type 'User' tracked by 'AppDbContext' changed state from '"Added"' to '"Unchanged"'. Consider using 'DbContextOptionsBuilder.EnableSensitiveDataLogging' to see key values.
2025-10-31 21:52:54 [DBG] An entity of type 'Employee' tracked by 'AppDbContext' changed state from '"Added"' to '"Unchanged"'. Consider using 'DbContextOptionsBuilder.EnableSensitiveDataLogging' to see key values.
2025-10-31 21:52:54 [DBG] An entity of type 'Employee' tracked by 'AppDbContext' changed state from '"Added"' to '"Unchanged"'. Consider using 'DbContextOptionsBuilder.EnableSensitiveDataLogging' to see key values.
2025-10-31 21:52:54 [DBG] An entity of type 'Employee' tracked by 'AppDbContext' changed state from '"Added"' to '"Unchanged"'. Consider using 'DbContextOptionsBuilder.EnableSensitiveDataLogging' to see key values.
2025-10-31 21:52:54 [DBG] An entity of type 'Employee' tracked by 'AppDbContext' changed state from '"Added"' to '"Unchanged"'. Consider using 'DbContextOptionsBuilder.EnableSensitiveDataLogging' to see key values.
2025-10-31 21:52:54 [DBG] An entity of type 'Employee' tracked by 'AppDbContext' changed state from '"Added"' to '"Unchanged"'. Consider using 'DbContextOptionsBuilder.EnableSensitiveDataLogging' to see key values.
2025-10-31 21:52:54 [DBG] An entity of type 'Employee' tracked by 'AppDbContext' changed state from '"Added"' to '"Unchanged"'. Consider using 'DbContextOptionsBuilder.EnableSensitiveDataLogging' to see key values.
2025-10-31 21:52:54 [DBG] An entity of type 'Employee' tracked by 'AppDbContext' changed state from '"Added"' to '"Unchanged"'. Consider using 'DbContextOptionsBuilder.EnableSensitiveDataLogging' to see key values.
2025-10-31 21:52:54 [DBG] An entity of type 'Employee' tracked by 'AppDbContext' changed state from '"Added"' to '"Unchanged"'. Consider using 'DbContextOptionsBuilder.EnableSensitiveDataLogging' to see key values.
2025-10-31 21:52:54 [DBG] An entity of type 'Employee' tracked by 'AppDbContext' changed state from '"Added"' to '"Unchanged"'. Consider using 'DbContextOptionsBuilder.EnableSensitiveDataLogging' to see key values.
2025-10-31 21:52:54 [DBG] An entity of type 'Employee' tracked by 'AppDbContext' changed state from '"Added"' to '"Unchanged"'. Consider using 'DbContextOptionsBuilder.EnableSensitiveDataLogging' to see key values.
2025-10-31 21:52:54 [DBG] SaveChanges completed for 'AppDbContext' with 20 entities written to the database.
2025-10-31 21:52:54 [DBG] 'AppDbContext' disposed.
2025-10-31 21:52:54 [DBG] Disposing connection to database 'main' on server 'app.db'.
2025-10-31 21:52:54 [DBG] Disposed connection to database 'main' on server 'app.db' (0ms).
2025-10-31 21:52:54 [DBG] Hosting starting
2025-10-31 21:52:54 [INF] User profile is available. Using 'C:\Users\xmilk\AppData\Local\ASP.NET\DataProtection-Keys' as key repository and Windows DPAPI to encrypt keys at rest.
2025-10-31 21:52:54 [DBG] Reading data from file 'C:\Users\xmilk\AppData\Local\ASP.NET\DataProtection-Keys\key-1c385c28-cc6d-447d-ae30-f5b4f8a07abc.xml'.
2025-10-31 21:52:54 [DBG] Reading data from file 'C:\Users\xmilk\AppData\Local\ASP.NET\DataProtection-Keys\key-652ff78d-da9f-4eb6-b9df-4163dc283720.xml'.
2025-10-31 21:52:54 [DBG] Reading data from file 'C:\Users\xmilk\AppData\Local\ASP.NET\DataProtection-Keys\key-90574223-276b-4506-a45e-ffada2709fe7.xml'.
2025-10-31 21:52:54 [DBG] Reading data from file 'C:\Users\xmilk\AppData\Local\ASP.NET\DataProtection-Keys\key-a39882a5-3600-4812-b399-78d6aa8fa95e.xml'.
2025-10-31 21:52:54 [DBG] Reading data from file 'C:\Users\xmilk\AppData\Local\ASP.NET\DataProtection-Keys\key-cb7e8bd2-dc2a-46d8-be02-3c607d2400fa.xml'.
2025-10-31 21:52:55 [DBG] Reading data from file 'C:\Users\xmilk\AppData\Local\ASP.NET\DataProtection-Keys\key-f1a1cc4f-c622-4856-b98a-c7e82d92e756.xml'.
2025-10-31 21:52:55 [DBG] Found key {1c385c28-cc6d-447d-ae30-f5b4f8a07abc}.
2025-10-31 21:52:55 [DBG] Found key {652ff78d-da9f-4eb6-b9df-4163dc283720}.
2025-10-31 21:52:55 [DBG] Found key {90574223-276b-4506-a45e-ffada2709fe7}.
2025-10-31 21:52:55 [DBG] Found key {a39882a5-3600-4812-b399-78d6aa8fa95e}.
2025-10-31 21:52:55 [DBG] Found key {cb7e8bd2-dc2a-46d8-be02-3c607d2400fa}.
2025-10-31 21:52:55 [DBG] Found key {f1a1cc4f-c622-4856-b98a-c7e82d92e756}.
2025-10-31 21:52:55 [DBG] Considering key {a39882a5-3600-4812-b399-78d6aa8fa95e} with expiration date 2026-01-26 11:00:54Z as default key.
2025-10-31 21:52:55 [DBG] Forwarded activator type request from Microsoft.AspNetCore.DataProtection.XmlEncryption.DpapiXmlDecryptor, Microsoft.AspNetCore.DataProtection, Version=9.0.0.0, Culture=neutral, PublicKeyToken=adb9793829ddae60 to Microsoft.AspNetCore.DataProtection.XmlEncryption.DpapiXmlDecryptor, Microsoft.AspNetCore.DataProtection, Culture=neutral, PublicKeyToken=adb9793829ddae60
2025-10-31 21:52:55 [DBG] Decrypting secret element using Windows DPAPI.
2025-10-31 21:52:55 [DBG] Forwarded activator type request from Microsoft.AspNetCore.DataProtection.AuthenticatedEncryption.ConfigurationModel.AuthenticatedEncryptorDescriptorDeserializer, Microsoft.AspNetCore.DataProtection, Version=9.0.0.0, Culture=neutral, PublicKeyToken=adb9793829ddae60 to Microsoft.AspNetCore.DataProtection.AuthenticatedEncryption.ConfigurationModel.AuthenticatedEncryptorDescriptorDeserializer, Microsoft.AspNetCore.DataProtection, Culture=neutral, PublicKeyToken=adb9793829ddae60
2025-10-31 21:52:55 [DBG] Opening CNG algorithm 'AES' from provider 'null' with chaining mode CBC.
2025-10-31 21:52:55 [DBG] Opening CNG algorithm 'SHA256' from provider 'null' with HMAC.
2025-10-31 21:52:55 [DBG] Using key {a39882a5-3600-4812-b399-78d6aa8fa95e} as the default key.
2025-10-31 21:52:55 [DBG] Key ring with default key {a39882a5-3600-4812-b399-78d6aa8fa95e} was loaded during application startup.
2025-10-31 21:52:55 [DBG] Middleware configuration started with options: {AllowedHosts = *, AllowEmptyHosts = True, IncludeFailureMessage = True}
2025-10-31 21:52:55 [DBG] Wildcard detected, all requests with hosts will be allowed.
2025-10-31 21:52:55 [INF] Now listening on: http://localhost:5211
2025-10-31 21:52:55 [DBG] Loaded hosting startup assembly EmployeeManagement.Api
2025-10-31 21:52:55 [INF] Application started. Press Ctrl+C to shut down.
2025-10-31 21:52:55 [INF] Hosting environment: Development
2025-10-31 21:52:55 [INF] Content root path: C:\Users\xmilk\portfolio\employee-management-app\backend
2025-10-31 21:52:55 [DBG] Hosting started
2025-10-31 23:58:25 [DBG] Config reload token fired. Checking for changes...
2025-10-31 23:58:25 [DBG] Middleware configuration started with options: {AllowedHosts = *, AllowEmptyHosts = True, IncludeFailureMessage = True}
2025-10-31 23:58:25 [DBG] Wildcard detected, all requests with hosts will be allowed.
2025-10-31 23:58:46 [INF] Application is shutting down...
2025-10-31 23:58:46 [DBG] Hosting stopping
2025-10-31 23:58:47 [DBG] Hosting stopped
