2025-08-28 16:56:40.119 +09:00 [DBG] Registered model binder providers, in the following order: ["Microsoft.AspNetCore.Mvc.ModelBinding.Binders.BinderTypeModelBinderProvider","Microsoft.AspNetCore.Mvc.ModelBinding.Binders.ServicesModelBinderProvider","Microsoft.AspNetCore.Mvc.ModelBinding.Binders.BodyModelBinderProvider","Microsoft.AspNetCore.Mvc.ModelBinding.Binders.HeaderModelBinderProvider","Microsoft.AspNetCore.Mvc.ModelBinding.Binders.FloatingPointTypeModelBinderProvider","Microsoft.AspNetCore.Mvc.ModelBinding.Binders.EnumTypeModelBinderProvider","Microsoft.AspNetCore.Mvc.ModelBinding.Binders.DateTimeModelBinderProvider","Microsoft.AspNetCore.Mvc.ModelBinding.Binders.SimpleTypeModelBinderProvider","Microsoft.AspNetCore.Mvc.ModelBinding.Binders.TryParseModelBinderProvider","Microsoft.AspNetCore.Mvc.ModelBinding.Binders.CancellationTokenModelBinderProvider","Microsoft.AspNetCore.Mvc.ModelBinding.Binders.ByteArrayModelBinderProvider","Microsoft.AspNetCore.Mvc.ModelBinding.Binders.FormFileModelBinderProvider","Microsoft.AspNetCore.Mvc.ModelBinding.Binders.FormCollectionModelBinderProvider","Microsoft.AspNetCore.Mvc.ModelBinding.Binders.KeyValuePairModelBinderProvider","Microsoft.AspNetCore.Mvc.ModelBinding.Binders.DictionaryModelBinderProvider","Microsoft.AspNetCore.Mvc.ModelBinding.Binders.ArrayModelBinderProvider","Microsoft.AspNetCore.Mvc.ModelBinding.Binders.CollectionModelBinderProvider","Microsoft.AspNetCore.Mvc.ModelBinding.Binders.ComplexObjectModelBinderProvider"]
2025-08-28 16:57:00.143 +09:00 [DBG] An 'IServiceProvider' was created for internal use by Entity Framework.
2025-08-28 16:57:14.683 +09:00 [DBG] Entity Framework Core 8.0.5 initialized 'AppDbContext' using provider 'Microsoft.EntityFrameworkCore.Sqlite:8.0.5' with options: None
2025-08-28 16:57:14.965 +09:00 [DBG] Creating DbConnection.
2025-08-28 16:57:15.064 +09:00 [DBG] Created DbConnection. (117ms).
2025-08-28 16:57:15.078 +09:00 [DBG] Opening connection to database 'main' on server 'app.db'.
2025-08-28 16:57:17.524 +09:00 [DBG] Opened connection to database 'main' on server 'C:\Users\TEC02\Desktop\practice\backend\app.db'.
2025-08-28 16:57:18.022 +09:00 [DBG] Disposing connection to database 'main' on server 'app.db'.
2025-08-28 16:57:18.035 +09:00 [DBG] Disposed connection to database 'main' on server 'app.db' (8ms).
2025-08-28 16:57:18.043 +09:00 [DBG] Creating DbConnection.
2025-08-28 16:57:18.047 +09:00 [DBG] Created DbConnection. (5ms).
2025-08-28 16:57:18.051 +09:00 [DBG] Opening connection to database 'main' on server 'app.db'.
2025-08-28 16:57:18.079 +09:00 [DBG] Opened connection to database 'main' on server 'C:\Users\TEC02\Desktop\practice\backend\app.db'.
2025-08-28 16:57:18.085 +09:00 [DBG] Closing connection to database 'main' on server 'C:\Users\TEC02\Desktop\practice\backend\app.db'.
2025-08-28 16:57:18.091 +09:00 [DBG] Closed connection to database 'main' on server 'app.db' (6ms).
2025-08-28 16:57:18.182 +09:00 [DBG] Creating DbConnection.
2025-08-28 16:57:18.189 +09:00 [DBG] Created DbConnection. (6ms).
2025-08-28 16:57:18.193 +09:00 [DBG] Opening connection to database 'main' on server 'app.db'.
2025-08-28 16:57:18.546 +09:00 [DBG] An error occurred using the connection to database 'main' on server 'app.db'.
2025-08-28 16:57:18.550 +09:00 [DBG] Disposing connection to database 'main' on server 'app.db'.
2025-08-28 16:57:18.552 +09:00 [DBG] Disposed connection to database 'main' on server 'app.db' (1ms).
2025-08-28 16:57:18.557 +09:00 [DBG] Opening connection to database 'main' on server 'app.db'.
2025-08-28 16:57:18.596 +09:00 [DBG] Opened connection to database 'main' on server 'C:\Users\TEC02\Desktop\practice\backend\app.db'.
2025-08-28 16:57:18.637 +09:00 [DBG] Creating DbCommand for 'ExecuteNonQuery'.
2025-08-28 16:57:18.730 +09:00 [DBG] Created DbCommand for 'ExecuteNonQuery' (115ms).
2025-08-28 16:57:18.738 +09:00 [DBG] Initialized DbCommand for 'ExecuteNonQuery' (135ms).
2025-08-28 16:57:18.749 +09:00 [DBG] Executing DbCommand [Parameters=[], CommandType='"Text"', CommandTimeout='30']
PRAGMA journal_mode = 'wal';
2025-08-28 16:57:19.874 +09:00 [INF] Executed DbCommand (980ms) [Parameters=[], CommandType='"Text"', CommandTimeout='30']
PRAGMA journal_mode = 'wal';
2025-08-28 16:57:19.886 +09:00 [DBG] Closing connection to database 'main' on server 'C:\Users\TEC02\Desktop\practice\backend\app.db'.
2025-08-28 16:57:19.889 +09:00 [DBG] Closed connection to database 'main' on server 'app.db' (2ms).
2025-08-28 16:57:20.247 +09:00 [DBG] Opening connection to database 'main' on server 'app.db'.
2025-08-28 16:57:20.254 +09:00 [DBG] Opened connection to database 'main' on server 'C:\Users\TEC02\Desktop\practice\backend\app.db'.
2025-08-28 16:57:20.378 +09:00 [DBG] Beginning transaction with isolation level 'Unspecified'.
2025-08-28 16:57:21.019 +09:00 [DBG] Began transaction with isolation level 'Serializable'.
2025-08-28 16:57:21.022 +09:00 [DBG] Creating DbCommand for 'ExecuteNonQuery'.
2025-08-28 16:57:21.023 +09:00 [DBG] Created DbCommand for 'ExecuteNonQuery' (1ms).
2025-08-28 16:57:21.026 +09:00 [DBG] Initialized DbCommand for 'ExecuteNonQuery' (4ms).
2025-08-28 16:57:21.028 +09:00 [DBG] Executing DbCommand [Parameters=[], CommandType='"Text"', CommandTimeout='30']
CREATE TABLE "Employees" (
    "Id" INTEGER NOT NULL CONSTRAINT "PK_Employees" PRIMARY KEY AUTOINCREMENT,
    "FullName" TEXT NOT NULL,
    "DateOfBirth" TEXT NOT NULL,
    "Gender" INTEGER NOT NULL,
    "Address" TEXT NOT NULL,
    "JoinDate" TEXT NOT NULL,
    "VacationRemaining" INTEGER NOT NULL,
    "CurrentWorkplace" TEXT NOT NULL,
    "Email" TEXT NOT NULL,
    "PasswordHash" TEXT NOT NULL
);
2025-08-28 16:57:21.217 +09:00 [INF] Executed DbCommand (189ms) [Parameters=[], CommandType='"Text"', CommandTimeout='30']
CREATE TABLE "Employees" (
    "Id" INTEGER NOT NULL CONSTRAINT "PK_Employees" PRIMARY KEY AUTOINCREMENT,
    "FullName" TEXT NOT NULL,
    "DateOfBirth" TEXT NOT NULL,
    "Gender" INTEGER NOT NULL,
    "Address" TEXT NOT NULL,
    "JoinDate" TEXT NOT NULL,
    "VacationRemaining" INTEGER NOT NULL,
    "CurrentWorkplace" TEXT NOT NULL,
    "Email" TEXT NOT NULL,
    "PasswordHash" TEXT NOT NULL
);
2025-08-28 16:57:21.248 +09:00 [DBG] Committing transaction.
2025-08-28 16:57:21.896 +09:00 [DBG] Committed transaction.
2025-08-28 16:57:22.422 +09:00 [DBG] Disposing transaction.
2025-08-28 16:57:22.516 +09:00 [DBG] Closing connection to database 'main' on server 'C:\Users\TEC02\Desktop\practice\backend\app.db'.
2025-08-28 16:57:22.527 +09:00 [DBG] Closed connection to database 'main' on server 'app.db' (11ms).
2025-08-28 16:57:25.419 +09:00 [DBG] Compiling query expression: 
'DbSet<Employee>()
    .Any()'
2025-08-28 16:57:28.700 +09:00 [DBG] Generated query execution expression: 
'queryContext => new SingleQueryingEnumerable<bool>(
    (RelationalQueryContext)queryContext, 
    RelationalCommandCache.QueryExpression(
        Projection Mapping:
            EmptyProjectionMember -> 0
        SELECT EXISTS (
            SELECT 1
            FROM Employees AS e)), 
    null, 
    Func<QueryContext, DbDataReader, ResultContext, SingleQueryResultCoordinator, bool>, 
    Backend.Data.AppDbContext, 
    False, 
    False, 
    True
)
    .Single()'
2025-08-28 16:57:28.844 +09:00 [DBG] Opening connection to database 'main' on server 'app.db'.
2025-08-28 16:57:28.855 +09:00 [DBG] Opened connection to database 'main' on server 'C:\Users\TEC02\Desktop\practice\backend\app.db'.
2025-08-28 16:57:28.861 +09:00 [DBG] Creating DbCommand for 'ExecuteReader'.
2025-08-28 16:57:28.867 +09:00 [DBG] Created DbCommand for 'ExecuteReader' (5ms).
2025-08-28 16:57:28.877 +09:00 [DBG] Initialized DbCommand for 'ExecuteReader' (15ms).
2025-08-28 16:57:28.888 +09:00 [DBG] Executing DbCommand [Parameters=[], CommandType='"Text"', CommandTimeout='30']
SELECT EXISTS (
    SELECT 1
    FROM "Employees" AS "e")
2025-08-28 16:57:28.905 +09:00 [INF] Executed DbCommand (17ms) [Parameters=[], CommandType='"Text"', CommandTimeout='30']
SELECT EXISTS (
    SELECT 1
    FROM "Employees" AS "e")
2025-08-28 16:57:28.921 +09:00 [DBG] Closing data reader to 'main' on server 'C:\Users\TEC02\Desktop\practice\backend\app.db'.
2025-08-28 16:57:28.926 +09:00 [DBG] A data reader for 'main' on server 'C:\Users\TEC02\Desktop\practice\backend\app.db' is being disposed after spending 12ms reading results.
2025-08-28 16:57:28.929 +09:00 [DBG] Closing connection to database 'main' on server 'C:\Users\TEC02\Desktop\practice\backend\app.db'.
2025-08-28 16:57:28.932 +09:00 [DBG] Closed connection to database 'main' on server 'app.db' (3ms).
2025-08-28 16:57:30.268 +09:00 [DBG] Context 'AppDbContext' started tracking 'Employee' entity. Consider using 'DbContextOptionsBuilder.EnableSensitiveDataLogging' to see key values.
2025-08-28 16:57:30.275 +09:00 [DBG] Context 'AppDbContext' started tracking 'Employee' entity. Consider using 'DbContextOptionsBuilder.EnableSensitiveDataLogging' to see key values.
2025-08-28 16:57:30.282 +09:00 [DBG] SaveChanges starting for 'AppDbContext'.
2025-08-28 16:57:30.290 +09:00 [DBG] DetectChanges starting for 'AppDbContext'.
2025-08-28 16:57:30.443 +09:00 [DBG] DetectChanges completed for 'AppDbContext'.
2025-08-28 16:57:31.030 +09:00 [DBG] Opening connection to database 'main' on server 'app.db'.
2025-08-28 16:57:31.034 +09:00 [DBG] Opened connection to database 'main' on server 'C:\Users\TEC02\Desktop\practice\backend\app.db'.
2025-08-28 16:57:31.037 +09:00 [DBG] Beginning transaction with isolation level 'Unspecified'.
2025-08-28 16:57:31.039 +09:00 [DBG] Began transaction with isolation level 'Serializable'.
2025-08-28 16:57:31.042 +09:00 [DBG] Creating DbCommand for 'ExecuteReader'.
2025-08-28 16:57:31.044 +09:00 [DBG] Created DbCommand for 'ExecuteReader' (1ms).
2025-08-28 16:57:31.051 +09:00 [DBG] Initialized DbCommand for 'ExecuteReader' (8ms).
2025-08-28 16:57:31.205 +09:00 [DBG] Executing DbCommand [Parameters=[@p0='?' (DbType = Int32), @p1='?' (Size = 6), @p2='?' (Size = 2), @p3='?' (DbType = DateTime), @p4='?' (Size = 23), @p5='?' (Size = 15), @p6='?' (DbType = Int32), @p7='?' (DbType = DateTime), @p8='?' (Size = 11), @p9='?' (DbType = Int32)], CommandType='"Text"', CommandTimeout='30']
INSERT INTO "Employees" ("Id", "Address", "CurrentWorkplace", "DateOfBirth", "Email", "FullName", "Gender", "JoinDate", "PasswordHash", "VacationRemaining")
VALUES (@p0, @p1, @p2, @p3, @p4, @p5, @p6, @p7, @p8, @p9);
2025-08-28 16:57:31.538 +09:00 [INF] Executed DbCommand (481ms) [Parameters=[@p0='?' (DbType = Int32), @p1='?' (Size = 6), @p2='?' (Size = 2), @p3='?' (DbType = DateTime), @p4='?' (Size = 23), @p5='?' (Size = 15), @p6='?' (DbType = Int32), @p7='?' (DbType = DateTime), @p8='?' (Size = 11), @p9='?' (DbType = Int32)], CommandType='"Text"', CommandTimeout='30']
INSERT INTO "Employees" ("Id", "Address", "CurrentWorkplace", "DateOfBirth", "Email", "FullName", "Gender", "JoinDate", "PasswordHash", "VacationRemaining")
VALUES (@p0, @p1, @p2, @p3, @p4, @p5, @p6, @p7, @p8, @p9);
2025-08-28 16:57:31.554 +09:00 [DBG] Closing data reader to 'main' on server 'C:\Users\TEC02\Desktop\practice\backend\app.db'.
2025-08-28 16:57:31.558 +09:00 [DBG] A data reader for 'main' on server 'C:\Users\TEC02\Desktop\practice\backend\app.db' is being disposed after spending 6ms reading results.
2025-08-28 16:57:31.561 +09:00 [DBG] Creating DbCommand for 'ExecuteReader'.
2025-08-28 16:57:31.563 +09:00 [DBG] Created DbCommand for 'ExecuteReader' (1ms).
2025-08-28 16:57:31.565 +09:00 [DBG] Initialized DbCommand for 'ExecuteReader' (3ms).
2025-08-28 16:57:31.569 +09:00 [DBG] Executing DbCommand [Parameters=[@p0='?' (DbType = Int32), @p1='?' (Size = 7), @p2='?' (Size = 4), @p3='?' (DbType = DateTime), @p4='?' (Size = 25), @p5='?' (Size = 17), @p6='?' (DbType = Int32), @p7='?' (DbType = DateTime), @p8='?' (Size = 11), @p9='?' (DbType = Int32)], CommandType='"Text"', CommandTimeout='30']
INSERT INTO "Employees" ("Id", "Address", "CurrentWorkplace", "DateOfBirth", "Email", "FullName", "Gender", "JoinDate", "PasswordHash", "VacationRemaining")
VALUES (@p0, @p1, @p2, @p3, @p4, @p5, @p6, @p7, @p8, @p9);
2025-08-28 16:57:31.642 +09:00 [INF] Executed DbCommand (73ms) [Parameters=[@p0='?' (DbType = Int32), @p1='?' (Size = 7), @p2='?' (Size = 4), @p3='?' (DbType = DateTime), @p4='?' (Size = 25), @p5='?' (Size = 17), @p6='?' (DbType = Int32), @p7='?' (DbType = DateTime), @p8='?' (Size = 11), @p9='?' (DbType = Int32)], CommandType='"Text"', CommandTimeout='30']
INSERT INTO "Employees" ("Id", "Address", "CurrentWorkplace", "DateOfBirth", "Email", "FullName", "Gender", "JoinDate", "PasswordHash", "VacationRemaining")
VALUES (@p0, @p1, @p2, @p3, @p4, @p5, @p6, @p7, @p8, @p9);
2025-08-28 16:57:31.656 +09:00 [DBG] Closing data reader to 'main' on server 'C:\Users\TEC02\Desktop\practice\backend\app.db'.
2025-08-28 16:57:31.659 +09:00 [DBG] A data reader for 'main' on server 'C:\Users\TEC02\Desktop\practice\backend\app.db' is being disposed after spending 2ms reading results.
2025-08-28 16:57:31.668 +09:00 [DBG] Committing transaction.
2025-08-28 16:57:31.751 +09:00 [DBG] Committed transaction.
2025-08-28 16:57:31.761 +09:00 [DBG] Closing connection to database 'main' on server 'C:\Users\TEC02\Desktop\practice\backend\app.db'.
2025-08-28 16:57:31.783 +09:00 [DBG] Closed connection to database 'main' on server 'app.db' (22ms).
2025-08-28 16:57:31.795 +09:00 [DBG] Disposing transaction.
2025-08-28 16:57:31.816 +09:00 [DBG] An entity of type 'Employee' tracked by 'AppDbContext' changed state from '"Added"' to '"Unchanged"'. Consider using 'DbContextOptionsBuilder.EnableSensitiveDataLogging' to see key values.
2025-08-28 16:57:31.828 +09:00 [DBG] An entity of type 'Employee' tracked by 'AppDbContext' changed state from '"Added"' to '"Unchanged"'. Consider using 'DbContextOptionsBuilder.EnableSensitiveDataLogging' to see key values.
2025-08-28 16:57:31.847 +09:00 [DBG] SaveChanges completed for 'AppDbContext' with 2 entities written to the database.
2025-08-28 16:57:31.869 +09:00 [DBG] 'AppDbContext' disposed.
2025-08-28 16:57:31.875 +09:00 [DBG] Disposing connection to database 'main' on server 'app.db'.
2025-08-28 16:57:31.883 +09:00 [DBG] Disposed connection to database 'main' on server 'app.db' (7ms).
2025-08-28 16:57:31.908 +09:00 [DBG] Hosting starting
2025-08-28 16:57:39.141 +09:00 [INF] User profile is available. Using 'C:\Users\TEC02\AppData\Local\ASP.NET\DataProtection-Keys' as key repository and Windows DPAPI to encrypt keys at rest.
2025-08-28 16:57:39.489 +09:00 [DBG] Reading data from file 'C:\Users\TEC02\AppData\Local\ASP.NET\DataProtection-Keys\key-0077a2cc-7ccb-46b4-9fab-2317a7fd74d0.xml'.
2025-08-28 16:57:40.312 +09:00 [DBG] Found key {0077a2cc-7ccb-46b4-9fab-2317a7fd74d0}.
2025-08-28 16:57:40.409 +09:00 [DBG] Considering key {0077a2cc-7ccb-46b4-9fab-2317a7fd74d0} with expiration date 2025-10-16 02:00:44Z as default key.
2025-08-28 16:57:40.559 +09:00 [DBG] Forwarded activator type request from Microsoft.AspNetCore.DataProtection.XmlEncryption.DpapiXmlDecryptor, Microsoft.AspNetCore.DataProtection, Version=8.0.0.0, Culture=neutral, PublicKeyToken=adb9793829ddae60 to Microsoft.AspNetCore.DataProtection.XmlEncryption.DpapiXmlDecryptor, Microsoft.AspNetCore.DataProtection, Culture=neutral, PublicKeyToken=adb9793829ddae60
2025-08-28 16:57:40.567 +09:00 [DBG] Decrypting secret element using Windows DPAPI.
2025-08-28 16:57:40.634 +09:00 [DBG] Forwarded activator type request from Microsoft.AspNetCore.DataProtection.AuthenticatedEncryption.ConfigurationModel.AuthenticatedEncryptorDescriptorDeserializer, Microsoft.AspNetCore.DataProtection, Version=8.0.0.0, Culture=neutral, PublicKeyToken=adb9793829ddae60 to Microsoft.AspNetCore.DataProtection.AuthenticatedEncryption.ConfigurationModel.AuthenticatedEncryptorDescriptorDeserializer, Microsoft.AspNetCore.DataProtection, Culture=neutral, PublicKeyToken=adb9793829ddae60
2025-08-28 16:57:40.656 +09:00 [DBG] Opening CNG algorithm 'AES' from provider 'null' with chaining mode CBC.
2025-08-28 16:57:40.703 +09:00 [DBG] Opening CNG algorithm 'SHA256' from provider 'null' with HMAC.
2025-08-28 16:57:40.708 +09:00 [DBG] Using key {0077a2cc-7ccb-46b4-9fab-2317a7fd74d0} as the default key.
2025-08-28 16:57:40.724 +09:00 [DBG] Key ring with default key {0077a2cc-7ccb-46b4-9fab-2317a7fd74d0} was loaded during application startup.
2025-08-28 16:57:46.602 +09:00 [INF] Now listening on: http://localhost:5237
2025-08-28 16:57:46.618 +09:00 [DBG] Loaded hosting startup assembly backend
2025-08-28 16:57:46.620 +09:00 [INF] Application started. Press Ctrl+C to shut down.
2025-08-28 16:57:46.622 +09:00 [INF] Hosting environment: Development
2025-08-28 16:57:46.623 +09:00 [INF] Content root path: C:\Users\TEC02\Desktop\practice\backend
2025-08-28 16:57:46.625 +09:00 [DBG] Hosting started
2025-08-28 16:58:27.644 +09:00 [DBG] Connection id "0HNF612LVTO5B" accepted.
2025-08-28 16:59:47.438 +09:00 [DBG] Connection id "0HNF612LVTO5B" received FIN.
2025-08-28 17:00:42.981 +09:00 [DBG] Connection id "0HNF612LVTO5C" received FIN.
2025-08-28 17:00:42.983 +09:00 [DBG] Connection id "0HNF612LVTO5B" started.
2025-08-28 17:00:42.986 +09:00 [DBG] Connection id "0HNF612LVTO5C" accepted.
2025-08-28 17:00:43.056 +09:00 [DBG] Connection id "0HNF612LVTO5C" started.
2025-08-28 17:00:43.151 +09:00 [DBG] Connection id "0HNF612LVTO5B" sending FIN because: "The Socket transport's send loop completed gracefully."
2025-08-28 17:00:43.148 +09:00 [DBG] Connection id "0HNF612LVTO5C" sending FIN because: "The Socket transport's send loop completed gracefully."
2025-08-28 17:00:43.169 +09:00 [DBG] Connection id "0HNF612LVTO5C" disconnecting.
2025-08-28 17:00:43.166 +09:00 [DBG] Connection id "0HNF612LVTO5B" disconnecting.
2025-08-28 17:00:47.062 +09:00 [INF] Request starting HTTP/1.1 POST http://localhost:5237/api/auth/login - application/json 70
2025-08-28 17:00:47.062 +09:00 [INF] Request starting HTTP/1.1 POST http://localhost:5237/api/auth/login - application/json 70
2025-08-28 17:00:47.139 +09:00 [DBG] Wildcard detected, all requests with hosts will be allowed.
2025-08-28 17:00:47.139 +09:00 [DBG] Wildcard detected, all requests with hosts will be allowed.
2025-08-28 17:00:47.311 +09:00 [DBG] 1 candidate(s) found for the request path '/api/auth/login'
2025-08-28 17:00:47.311 +09:00 [DBG] 1 candidate(s) found for the request path '/api/auth/login'
2025-08-28 17:00:47.320 +09:00 [DBG] Endpoint 'Backend.Controllers.AuthController.Login (backend)' with route pattern 'api/Auth/login' is valid for the request path '/api/auth/login'
2025-08-28 17:00:47.327 +09:00 [DBG] Endpoint 'Backend.Controllers.AuthController.Login (backend)' with route pattern 'api/Auth/login' is valid for the request path '/api/auth/login'
2025-08-28 17:00:47.334 +09:00 [DBG] Request matched endpoint 'Backend.Controllers.AuthController.Login (backend)'
2025-08-28 17:00:47.333 +09:00 [DBG] Request matched endpoint 'Backend.Controllers.AuthController.Login (backend)'
2025-08-28 17:00:47.342 +09:00 [WRN] Failed to determine the https port for redirect.
2025-08-28 17:00:50.988 +09:00 [DBG] AuthenticationScheme: Bearer was not authenticated.
2025-08-28 17:00:50.988 +09:00 [DBG] AuthenticationScheme: Bearer was not authenticated.
2025-08-28 17:00:51.016 +09:00 [INF] Executing endpoint 'Backend.Controllers.AuthController.Login (backend)'
2025-08-28 17:00:51.016 +09:00 [INF] Executing endpoint 'Backend.Controllers.AuthController.Login (backend)'
2025-08-28 17:00:51.183 +09:00 [INF] Route matched with {action = "Login", controller = "Auth"}. Executing controller action with signature Microsoft.AspNetCore.Mvc.IActionResult Login(Backend.DTOs.LoginRequest) on controller Backend.Controllers.AuthController (backend).
2025-08-28 17:00:51.183 +09:00 [INF] Route matched with {action = "Login", controller = "Auth"}. Executing controller action with signature Microsoft.AspNetCore.Mvc.IActionResult Login(Backend.DTOs.LoginRequest) on controller Backend.Controllers.AuthController (backend).
2025-08-28 17:00:51.191 +09:00 [DBG] Execution plan of authorization filters (in the following order): ["None"]
2025-08-28 17:00:51.197 +09:00 [DBG] Execution plan of authorization filters (in the following order): ["None"]
2025-08-28 17:00:51.207 +09:00 [DBG] Execution plan of resource filters (in the following order): ["None"]
2025-08-28 17:00:51.205 +09:00 [DBG] Execution plan of resource filters (in the following order): ["None"]
2025-08-28 17:00:51.240 +09:00 [DBG] Execution plan of action filters (in the following order): ["Microsoft.AspNetCore.Mvc.ModelBinding.UnsupportedContentTypeFilter (Order: -3000)","Microsoft.AspNetCore.Mvc.Infrastructure.ModelStateInvalidFilter (Order: -2000)"]
2025-08-28 17:00:51.241 +09:00 [DBG] Execution plan of action filters (in the following order): ["Microsoft.AspNetCore.Mvc.ModelBinding.UnsupportedContentTypeFilter (Order: -3000)","Microsoft.AspNetCore.Mvc.Infrastructure.ModelStateInvalidFilter (Order: -2000)"]
2025-08-28 17:00:51.246 +09:00 [DBG] Execution plan of exception filters (in the following order): ["None"]
2025-08-28 17:00:51.249 +09:00 [DBG] Execution plan of exception filters (in the following order): ["None"]
2025-08-28 17:00:51.255 +09:00 [DBG] Execution plan of result filters (in the following order): ["Microsoft.AspNetCore.Mvc.Infrastructure.ClientErrorResultFilter (Order: -2000)"]
2025-08-28 17:00:51.253 +09:00 [DBG] Execution plan of result filters (in the following order): ["Microsoft.AspNetCore.Mvc.Infrastructure.ClientErrorResultFilter (Order: -2000)"]
2025-08-28 17:00:51.266 +09:00 [DBG] Executing controller factory for controller Backend.Controllers.AuthController (backend)
2025-08-28 17:00:51.271 +09:00 [DBG] Executing controller factory for controller Backend.Controllers.AuthController (backend)
2025-08-28 17:00:51.386 +09:00 [DBG] Executed controller factory for controller Backend.Controllers.AuthController (backend)
2025-08-28 17:00:51.386 +09:00 [DBG] Executed controller factory for controller Backend.Controllers.AuthController (backend)
2025-08-28 17:00:51.514 +09:00 [DBG] Attempting to bind parameter 'request' of type 'Backend.DTOs.LoginRequest' ...
2025-08-28 17:00:51.514 +09:00 [DBG] Attempting to bind parameter 'request' of type 'Backend.DTOs.LoginRequest' ...
2025-08-28 17:00:51.531 +09:00 [DBG] Attempting to bind parameter 'request' of type 'Backend.DTOs.LoginRequest' using the name '' in request data ...
2025-08-28 17:00:51.531 +09:00 [DBG] Attempting to bind parameter 'request' of type 'Backend.DTOs.LoginRequest' using the name '' in request data ...
2025-08-28 17:00:51.577 +09:00 [DBG] Selected input formatter 'Microsoft.AspNetCore.Mvc.Formatters.SystemTextJsonInputFormatter' for content type 'application/json'.
2025-08-28 17:00:51.577 +09:00 [DBG] Selected input formatter 'Microsoft.AspNetCore.Mvc.Formatters.SystemTextJsonInputFormatter' for content type 'application/json'.
2025-08-28 17:00:51.761 +09:00 [DBG] Connection id "0HNF612LVTO5C", Request id "0HNF612LVTO5C:00000001": started reading request body.
2025-08-28 17:00:51.762 +09:00 [DBG] Connection id "0HNF612LVTO5B", Request id "0HNF612LVTO5B:00000001": started reading request body.
2025-08-28 17:00:51.876 +09:00 [INF] Executed action Backend.Controllers.AuthController.Login (backend) in 597.373ms
2025-08-28 17:00:51.876 +09:00 [INF] Executed action Backend.Controllers.AuthController.Login (backend) in 606.3051ms
2025-08-28 17:00:51.891 +09:00 [INF] Executed endpoint 'Backend.Controllers.AuthController.Login (backend)'
2025-08-28 17:00:51.891 +09:00 [INF] Executed endpoint 'Backend.Controllers.AuthController.Login (backend)'
2025-08-28 17:00:51.912 +09:00 [DBG] The request was aborted by the client.
2025-08-28 17:00:51.918 +09:00 [INF] Request finished HTTP/1.1 POST http://localhost:5237/api/auth/login - 499 null null 4872.6201ms
2025-08-28 17:00:51.926 +09:00 [DBG] Connection id "0HNF612LVTO5C", Request id "0HNF612LVTO5C:00000001": done reading request body.
2025-08-28 17:00:51.934 +09:00 [DBG] The request was aborted by the client.
2025-08-28 17:00:51.937 +09:00 [DBG] Connection id "0HNF612LVTO5C" bad request data: "Invalid request line: '{\x0D'"
Microsoft.AspNetCore.Server.Kestrel.Core.BadHttpRequestException: Invalid request line: '{\x0D'
   at Microsoft.AspNetCore.Server.Kestrel.Core.Internal.Http.HttpParser`1.GetUnknownMethodLength(ReadOnlySpan`1 span)
   at Microsoft.AspNetCore.Server.Kestrel.Core.Internal.Http.HttpParser`1.ParseRequestLine(TRequestHandler handler, ReadOnlySpan`1 requestLine)
   at Microsoft.AspNetCore.Server.Kestrel.Core.Internal.Http.HttpParser`1.ParseRequestLine(TRequestHandler handler, SequenceReader`1& reader)
   at Microsoft.AspNetCore.Server.Kestrel.Core.Internal.Http.Http1Connection.TakeStartLine(SequenceReader`1& reader)
   at Microsoft.AspNetCore.Server.Kestrel.Core.Internal.Http.Http1Connection.ParseRequest(SequenceReader`1& reader)
   at Microsoft.AspNetCore.Server.Kestrel.Core.Internal.Http.Http1Connection.TryParseRequest(ReadResult result, Boolean& endConnection)
   at Microsoft.AspNetCore.Server.Kestrel.Core.Internal.Http.HttpProtocol.ProcessRequests[TContext](IHttpApplication`1 application)
   at Microsoft.AspNetCore.Server.Kestrel.Core.Internal.Http.HttpProtocol.ProcessRequestsAsync[TContext](IHttpApplication`1 application)
2025-08-28 17:00:51.940 +09:00 [INF] Request finished HTTP/1.1 POST http://localhost:5237/api/auth/login - 499 null null 4895.3005ms
2025-08-28 17:00:52.608 +09:00 [DBG] Connection id "0HNF612LVTO5C" stopped.
2025-08-28 17:00:52.615 +09:00 [DBG] Connection id "0HNF612LVTO5B", Request id "0HNF612LVTO5B:00000001": done reading request body.
2025-08-28 17:00:52.622 +09:00 [DBG] Connection id "0HNF612LVTO5B" bad request data: "Invalid request line: '{\x0D'"
Microsoft.AspNetCore.Server.Kestrel.Core.BadHttpRequestException: Invalid request line: '{\x0D'
   at Microsoft.AspNetCore.Server.Kestrel.Core.Internal.Http.HttpParser`1.GetUnknownMethodLength(ReadOnlySpan`1 span)
   at Microsoft.AspNetCore.Server.Kestrel.Core.Internal.Http.HttpParser`1.ParseRequestLine(TRequestHandler handler, ReadOnlySpan`1 requestLine)
   at Microsoft.AspNetCore.Server.Kestrel.Core.Internal.Http.HttpParser`1.ParseRequestLine(TRequestHandler handler, SequenceReader`1& reader)
   at Microsoft.AspNetCore.Server.Kestrel.Core.Internal.Http.Http1Connection.TakeStartLine(SequenceReader`1& reader)
   at Microsoft.AspNetCore.Server.Kestrel.Core.Internal.Http.Http1Connection.ParseRequest(SequenceReader`1& reader)
   at Microsoft.AspNetCore.Server.Kestrel.Core.Internal.Http.Http1Connection.TryParseRequest(ReadResult result, Boolean& endConnection)
   at Microsoft.AspNetCore.Server.Kestrel.Core.Internal.Http.HttpProtocol.ProcessRequests[TContext](IHttpApplication`1 application)
   at Microsoft.AspNetCore.Server.Kestrel.Core.Internal.Http.HttpProtocol.ProcessRequestsAsync[TContext](IHttpApplication`1 application)
2025-08-28 17:00:52.651 +09:00 [DBG] Connection id "0HNF612LVTO5B" stopped.
2025-08-28 17:01:47.676 +09:00 [INF] Application is shutting down...
2025-08-28 17:01:47.680 +09:00 [DBG] Hosting stopping
2025-08-28 17:01:47.767 +09:00 [DBG] Hosting stopped
2025-08-28 17:02:31.018 +09:00 [DBG] Registered model binder providers, in the following order: ["Microsoft.AspNetCore.Mvc.ModelBinding.Binders.BinderTypeModelBinderProvider","Microsoft.AspNetCore.Mvc.ModelBinding.Binders.ServicesModelBinderProvider","Microsoft.AspNetCore.Mvc.ModelBinding.Binders.BodyModelBinderProvider","Microsoft.AspNetCore.Mvc.ModelBinding.Binders.HeaderModelBinderProvider","Microsoft.AspNetCore.Mvc.ModelBinding.Binders.FloatingPointTypeModelBinderProvider","Microsoft.AspNetCore.Mvc.ModelBinding.Binders.EnumTypeModelBinderProvider","Microsoft.AspNetCore.Mvc.ModelBinding.Binders.DateTimeModelBinderProvider","Microsoft.AspNetCore.Mvc.ModelBinding.Binders.SimpleTypeModelBinderProvider","Microsoft.AspNetCore.Mvc.ModelBinding.Binders.TryParseModelBinderProvider","Microsoft.AspNetCore.Mvc.ModelBinding.Binders.CancellationTokenModelBinderProvider","Microsoft.AspNetCore.Mvc.ModelBinding.Binders.ByteArrayModelBinderProvider","Microsoft.AspNetCore.Mvc.ModelBinding.Binders.FormFileModelBinderProvider","Microsoft.AspNetCore.Mvc.ModelBinding.Binders.FormCollectionModelBinderProvider","Microsoft.AspNetCore.Mvc.ModelBinding.Binders.KeyValuePairModelBinderProvider","Microsoft.AspNetCore.Mvc.ModelBinding.Binders.DictionaryModelBinderProvider","Microsoft.AspNetCore.Mvc.ModelBinding.Binders.ArrayModelBinderProvider","Microsoft.AspNetCore.Mvc.ModelBinding.Binders.CollectionModelBinderProvider","Microsoft.AspNetCore.Mvc.ModelBinding.Binders.ComplexObjectModelBinderProvider"]
2025-08-28 17:02:31.528 +09:00 [DBG] An 'IServiceProvider' was created for internal use by Entity Framework.
2025-08-28 17:02:32.509 +09:00 [DBG] Entity Framework Core 8.0.5 initialized 'AppDbContext' using provider 'Microsoft.EntityFrameworkCore.Sqlite:8.0.5' with options: None
2025-08-28 17:02:32.521 +09:00 [DBG] Creating DbConnection.
2025-08-28 17:02:32.537 +09:00 [DBG] Created DbConnection. (13ms).
2025-08-28 17:02:32.546 +09:00 [DBG] Opening connection to database 'main' on server 'app.db'.
2025-08-28 17:02:32.560 +09:00 [DBG] Opened connection to database 'main' on server 'C:\Users\TEC02\Desktop\practice\backend\app.db'.
2025-08-28 17:02:32.566 +09:00 [DBG] Disposing connection to database 'main' on server 'app.db'.
2025-08-28 17:02:32.573 +09:00 [DBG] Disposed connection to database 'main' on server 'app.db' (1ms).
2025-08-28 17:02:32.575 +09:00 [DBG] Creating DbConnection.
2025-08-28 17:02:32.575 +09:00 [DBG] Created DbConnection. (0ms).
2025-08-28 17:02:32.575 +09:00 [DBG] Opening connection to database 'main' on server 'app.db'.
2025-08-28 17:02:32.578 +09:00 [DBG] Opened connection to database 'main' on server 'C:\Users\TEC02\Desktop\practice\backend\app.db'.
2025-08-28 17:02:32.579 +09:00 [DBG] Closing connection to database 'main' on server 'C:\Users\TEC02\Desktop\practice\backend\app.db'.
2025-08-28 17:02:32.582 +09:00 [DBG] Closed connection to database 'main' on server 'app.db' (3ms).
2025-08-28 17:02:32.586 +09:00 [DBG] Creating DbConnection.
2025-08-28 17:02:32.586 +09:00 [DBG] Created DbConnection. (0ms).
2025-08-28 17:02:32.586 +09:00 [DBG] Opening connection to database 'main' on server 'app.db'.
2025-08-28 17:02:32.608 +09:00 [DBG] An error occurred using the connection to database 'main' on server 'app.db'.
2025-08-28 17:02:32.608 +09:00 [DBG] Disposing connection to database 'main' on server 'app.db'.
2025-08-28 17:02:32.608 +09:00 [DBG] Disposed connection to database 'main' on server 'app.db' (0ms).
2025-08-28 17:02:32.609 +09:00 [DBG] Opening connection to database 'main' on server 'app.db'.
2025-08-28 17:02:32.612 +09:00 [DBG] Opened connection to database 'main' on server 'C:\Users\TEC02\Desktop\practice\backend\app.db'.
2025-08-28 17:02:32.618 +09:00 [DBG] Creating DbCommand for 'ExecuteNonQuery'.
2025-08-28 17:02:32.629 +09:00 [DBG] Created DbCommand for 'ExecuteNonQuery' (6ms).
2025-08-28 17:02:32.631 +09:00 [DBG] Initialized DbCommand for 'ExecuteNonQuery' (14ms).
2025-08-28 17:02:32.641 +09:00 [DBG] Executing DbCommand [Parameters=[], CommandType='"Text"', CommandTimeout='30']
PRAGMA journal_mode = 'wal';
2025-08-28 17:02:32.823 +09:00 [INF] Executed DbCommand (180ms) [Parameters=[], CommandType='"Text"', CommandTimeout='30']
PRAGMA journal_mode = 'wal';
2025-08-28 17:02:32.824 +09:00 [DBG] Closing connection to database 'main' on server 'C:\Users\TEC02\Desktop\practice\backend\app.db'.
2025-08-28 17:02:32.824 +09:00 [DBG] Closed connection to database 'main' on server 'app.db' (0ms).
2025-08-28 17:02:32.935 +09:00 [DBG] Opening connection to database 'main' on server 'app.db'.
2025-08-28 17:02:32.935 +09:00 [DBG] Opened connection to database 'main' on server 'C:\Users\TEC02\Desktop\practice\backend\app.db'.
2025-08-28 17:02:32.939 +09:00 [DBG] Beginning transaction with isolation level 'Unspecified'.
2025-08-28 17:02:32.954 +09:00 [DBG] Began transaction with isolation level 'Serializable'.
2025-08-28 17:02:32.955 +09:00 [DBG] Creating DbCommand for 'ExecuteNonQuery'.
2025-08-28 17:02:32.955 +09:00 [DBG] Created DbCommand for 'ExecuteNonQuery' (0ms).
2025-08-28 17:02:32.955 +09:00 [DBG] Initialized DbCommand for 'ExecuteNonQuery' (0ms).
2025-08-28 17:02:32.956 +09:00 [DBG] Executing DbCommand [Parameters=[], CommandType='"Text"', CommandTimeout='30']
CREATE TABLE "Employees" (
    "Id" INTEGER NOT NULL CONSTRAINT "PK_Employees" PRIMARY KEY AUTOINCREMENT,
    "FullName" TEXT NOT NULL,
    "DateOfBirth" TEXT NOT NULL,
    "Gender" INTEGER NOT NULL,
    "Address" TEXT NOT NULL,
    "JoinDate" TEXT NOT NULL,
    "VacationRemaining" INTEGER NOT NULL,
    "CurrentWorkplace" TEXT NOT NULL,
    "Email" TEXT NOT NULL,
    "PasswordHash" TEXT NOT NULL
);
2025-08-28 17:02:32.956 +09:00 [INF] Executed DbCommand (1ms) [Parameters=[], CommandType='"Text"', CommandTimeout='30']
CREATE TABLE "Employees" (
    "Id" INTEGER NOT NULL CONSTRAINT "PK_Employees" PRIMARY KEY AUTOINCREMENT,
    "FullName" TEXT NOT NULL,
    "DateOfBirth" TEXT NOT NULL,
    "Gender" INTEGER NOT NULL,
    "Address" TEXT NOT NULL,
    "JoinDate" TEXT NOT NULL,
    "VacationRemaining" INTEGER NOT NULL,
    "CurrentWorkplace" TEXT NOT NULL,
    "Email" TEXT NOT NULL,
    "PasswordHash" TEXT NOT NULL
);
2025-08-28 17:02:32.958 +09:00 [DBG] Committing transaction.
2025-08-28 17:02:33.094 +09:00 [DBG] Committed transaction.
2025-08-28 17:02:33.096 +09:00 [DBG] Disposing transaction.
2025-08-28 17:02:33.096 +09:00 [DBG] Closing connection to database 'main' on server 'C:\Users\TEC02\Desktop\practice\backend\app.db'.
2025-08-28 17:02:33.096 +09:00 [DBG] Closed connection to database 'main' on server 'app.db' (0ms).
2025-08-28 17:02:33.154 +09:00 [DBG] Compiling query expression: 
'DbSet<Employee>()
    .Any()'
2025-08-28 17:02:33.410 +09:00 [DBG] Generated query execution expression: 
'queryContext => new SingleQueryingEnumerable<bool>(
    (RelationalQueryContext)queryContext, 
    RelationalCommandCache.QueryExpression(
        Projection Mapping:
            EmptyProjectionMember -> 0
        SELECT EXISTS (
            SELECT 1
            FROM Employees AS e)), 
    null, 
    Func<QueryContext, DbDataReader, ResultContext, SingleQueryResultCoordinator, bool>, 
    Backend.Data.AppDbContext, 
    False, 
    False, 
    True
)
    .Single()'
2025-08-28 17:02:33.437 +09:00 [DBG] Opening connection to database 'main' on server 'app.db'.
2025-08-28 17:02:33.437 +09:00 [DBG] Opened connection to database 'main' on server 'C:\Users\TEC02\Desktop\practice\backend\app.db'.
2025-08-28 17:02:33.437 +09:00 [DBG] Creating DbCommand for 'ExecuteReader'.
2025-08-28 17:02:33.437 +09:00 [DBG] Created DbCommand for 'ExecuteReader' (0ms).
2025-08-28 17:02:33.437 +09:00 [DBG] Initialized DbCommand for 'ExecuteReader' (0ms).
2025-08-28 17:02:33.438 +09:00 [DBG] Executing DbCommand [Parameters=[], CommandType='"Text"', CommandTimeout='30']
SELECT EXISTS (
    SELECT 1
    FROM "Employees" AS "e")
2025-08-28 17:02:33.439 +09:00 [INF] Executed DbCommand (1ms) [Parameters=[], CommandType='"Text"', CommandTimeout='30']
SELECT EXISTS (
    SELECT 1
    FROM "Employees" AS "e")
2025-08-28 17:02:33.446 +09:00 [DBG] Closing data reader to 'main' on server 'C:\Users\TEC02\Desktop\practice\backend\app.db'.
2025-08-28 17:02:33.447 +09:00 [DBG] A data reader for 'main' on server 'C:\Users\TEC02\Desktop\practice\backend\app.db' is being disposed after spending 6ms reading results.
2025-08-28 17:02:33.448 +09:00 [DBG] Closing connection to database 'main' on server 'C:\Users\TEC02\Desktop\practice\backend\app.db'.
2025-08-28 17:02:33.448 +09:00 [DBG] Closed connection to database 'main' on server 'app.db' (0ms).
2025-08-28 17:02:33.569 +09:00 [DBG] Context 'AppDbContext' started tracking 'Employee' entity. Consider using 'DbContextOptionsBuilder.EnableSensitiveDataLogging' to see key values.
2025-08-28 17:02:33.571 +09:00 [DBG] Context 'AppDbContext' started tracking 'Employee' entity. Consider using 'DbContextOptionsBuilder.EnableSensitiveDataLogging' to see key values.
2025-08-28 17:02:33.574 +09:00 [DBG] SaveChanges starting for 'AppDbContext'.
2025-08-28 17:02:33.576 +09:00 [DBG] DetectChanges starting for 'AppDbContext'.
2025-08-28 17:02:33.615 +09:00 [DBG] DetectChanges completed for 'AppDbContext'.
2025-08-28 17:02:33.695 +09:00 [DBG] Opening connection to database 'main' on server 'app.db'.
2025-08-28 17:02:33.695 +09:00 [DBG] Opened connection to database 'main' on server 'C:\Users\TEC02\Desktop\practice\backend\app.db'.
2025-08-28 17:02:33.695 +09:00 [DBG] Beginning transaction with isolation level 'Unspecified'.
2025-08-28 17:02:33.695 +09:00 [DBG] Began transaction with isolation level 'Serializable'.
2025-08-28 17:02:33.697 +09:00 [DBG] Creating DbCommand for 'ExecuteReader'.
2025-08-28 17:02:33.697 +09:00 [DBG] Created DbCommand for 'ExecuteReader' (0ms).
2025-08-28 17:02:33.701 +09:00 [DBG] Initialized DbCommand for 'ExecuteReader' (4ms).
2025-08-28 17:02:33.704 +09:00 [DBG] Executing DbCommand [Parameters=[@p0='?' (DbType = Int32), @p1='?' (Size = 6), @p2='?' (Size = 2), @p3='?' (DbType = DateTime), @p4='?' (Size = 23), @p5='?' (Size = 15), @p6='?' (DbType = Int32), @p7='?' (DbType = DateTime), @p8='?' (Size = 11), @p9='?' (DbType = Int32)], CommandType='"Text"', CommandTimeout='30']
INSERT INTO "Employees" ("Id", "Address", "CurrentWorkplace", "DateOfBirth", "Email", "FullName", "Gender", "JoinDate", "PasswordHash", "VacationRemaining")
VALUES (@p0, @p1, @p2, @p3, @p4, @p5, @p6, @p7, @p8, @p9);
2025-08-28 17:02:33.711 +09:00 [INF] Executed DbCommand (9ms) [Parameters=[@p0='?' (DbType = Int32), @p1='?' (Size = 6), @p2='?' (Size = 2), @p3='?' (DbType = DateTime), @p4='?' (Size = 23), @p5='?' (Size = 15), @p6='?' (DbType = Int32), @p7='?' (DbType = DateTime), @p8='?' (Size = 11), @p9='?' (DbType = Int32)], CommandType='"Text"', CommandTimeout='30']
INSERT INTO "Employees" ("Id", "Address", "CurrentWorkplace", "DateOfBirth", "Email", "FullName", "Gender", "JoinDate", "PasswordHash", "VacationRemaining")
VALUES (@p0, @p1, @p2, @p3, @p4, @p5, @p6, @p7, @p8, @p9);
2025-08-28 17:02:33.713 +09:00 [DBG] Closing data reader to 'main' on server 'C:\Users\TEC02\Desktop\practice\backend\app.db'.
2025-08-28 17:02:33.713 +09:00 [DBG] A data reader for 'main' on server 'C:\Users\TEC02\Desktop\practice\backend\app.db' is being disposed after spending 2ms reading results.
2025-08-28 17:02:33.714 +09:00 [DBG] Creating DbCommand for 'ExecuteReader'.
2025-08-28 17:02:33.714 +09:00 [DBG] Created DbCommand for 'ExecuteReader' (0ms).
2025-08-28 17:02:33.714 +09:00 [DBG] Initialized DbCommand for 'ExecuteReader' (0ms).
2025-08-28 17:02:33.714 +09:00 [DBG] Executing DbCommand [Parameters=[@p0='?' (DbType = Int32), @p1='?' (Size = 7), @p2='?' (Size = 4), @p3='?' (DbType = DateTime), @p4='?' (Size = 25), @p5='?' (Size = 17), @p6='?' (DbType = Int32), @p7='?' (DbType = DateTime), @p8='?' (Size = 11), @p9='?' (DbType = Int32)], CommandType='"Text"', CommandTimeout='30']
INSERT INTO "Employees" ("Id", "Address", "CurrentWorkplace", "DateOfBirth", "Email", "FullName", "Gender", "JoinDate", "PasswordHash", "VacationRemaining")
VALUES (@p0, @p1, @p2, @p3, @p4, @p5, @p6, @p7, @p8, @p9);
2025-08-28 17:02:33.715 +09:00 [INF] Executed DbCommand (0ms) [Parameters=[@p0='?' (DbType = Int32), @p1='?' (Size = 7), @p2='?' (Size = 4), @p3='?' (DbType = DateTime), @p4='?' (Size = 25), @p5='?' (Size = 17), @p6='?' (DbType = Int32), @p7='?' (DbType = DateTime), @p8='?' (Size = 11), @p9='?' (DbType = Int32)], CommandType='"Text"', CommandTimeout='30']
INSERT INTO "Employees" ("Id", "Address", "CurrentWorkplace", "DateOfBirth", "Email", "FullName", "Gender", "JoinDate", "PasswordHash", "VacationRemaining")
VALUES (@p0, @p1, @p2, @p3, @p4, @p5, @p6, @p7, @p8, @p9);
2025-08-28 17:02:33.715 +09:00 [DBG] Closing data reader to 'main' on server 'C:\Users\TEC02\Desktop\practice\backend\app.db'.
2025-08-28 17:02:33.715 +09:00 [DBG] A data reader for 'main' on server 'C:\Users\TEC02\Desktop\practice\backend\app.db' is being disposed after spending 0ms reading results.
2025-08-28 17:02:33.715 +09:00 [DBG] Committing transaction.
2025-08-28 17:02:33.797 +09:00 [DBG] Committed transaction.
2025-08-28 17:02:33.797 +09:00 [DBG] Closing connection to database 'main' on server 'C:\Users\TEC02\Desktop\practice\backend\app.db'.
2025-08-28 17:02:33.797 +09:00 [DBG] Closed connection to database 'main' on server 'app.db' (0ms).
2025-08-28 17:02:33.797 +09:00 [DBG] Disposing transaction.
2025-08-28 17:02:33.809 +09:00 [DBG] An entity of type 'Employee' tracked by 'AppDbContext' changed state from '"Added"' to '"Unchanged"'. Consider using 'DbContextOptionsBuilder.EnableSensitiveDataLogging' to see key values.
2025-08-28 17:02:33.809 +09:00 [DBG] An entity of type 'Employee' tracked by 'AppDbContext' changed state from '"Added"' to '"Unchanged"'. Consider using 'DbContextOptionsBuilder.EnableSensitiveDataLogging' to see key values.
2025-08-28 17:02:33.810 +09:00 [DBG] SaveChanges completed for 'AppDbContext' with 2 entities written to the database.
2025-08-28 17:02:33.812 +09:00 [DBG] 'AppDbContext' disposed.
2025-08-28 17:02:33.814 +09:00 [DBG] Disposing connection to database 'main' on server 'app.db'.
2025-08-28 17:02:33.814 +09:00 [DBG] Disposed connection to database 'main' on server 'app.db' (0ms).
2025-08-28 17:02:33.821 +09:00 [DBG] Hosting starting
2025-08-28 17:02:34.032 +09:00 [INF] User profile is available. Using 'C:\Users\TEC02\AppData\Local\ASP.NET\DataProtection-Keys' as key repository and Windows DPAPI to encrypt keys at rest.
2025-08-28 17:02:34.053 +09:00 [DBG] Reading data from file 'C:\Users\TEC02\AppData\Local\ASP.NET\DataProtection-Keys\key-0077a2cc-7ccb-46b4-9fab-2317a7fd74d0.xml'.
2025-08-28 17:02:34.346 +09:00 [DBG] Found key {0077a2cc-7ccb-46b4-9fab-2317a7fd74d0}.
2025-08-28 17:02:34.376 +09:00 [DBG] Considering key {0077a2cc-7ccb-46b4-9fab-2317a7fd74d0} with expiration date 2025-10-16 02:00:44Z as default key.
2025-08-28 17:02:34.380 +09:00 [DBG] Forwarded activator type request from Microsoft.AspNetCore.DataProtection.XmlEncryption.DpapiXmlDecryptor, Microsoft.AspNetCore.DataProtection, Version=8.0.0.0, Culture=neutral, PublicKeyToken=adb9793829ddae60 to Microsoft.AspNetCore.DataProtection.XmlEncryption.DpapiXmlDecryptor, Microsoft.AspNetCore.DataProtection, Culture=neutral, PublicKeyToken=adb9793829ddae60
2025-08-28 17:02:34.380 +09:00 [DBG] Decrypting secret element using Windows DPAPI.
2025-08-28 17:02:34.383 +09:00 [DBG] Forwarded activator type request from Microsoft.AspNetCore.DataProtection.AuthenticatedEncryption.ConfigurationModel.AuthenticatedEncryptorDescriptorDeserializer, Microsoft.AspNetCore.DataProtection, Version=8.0.0.0, Culture=neutral, PublicKeyToken=adb9793829ddae60 to Microsoft.AspNetCore.DataProtection.AuthenticatedEncryption.ConfigurationModel.AuthenticatedEncryptorDescriptorDeserializer, Microsoft.AspNetCore.DataProtection, Culture=neutral, PublicKeyToken=adb9793829ddae60
2025-08-28 17:02:34.384 +09:00 [DBG] Opening CNG algorithm 'AES' from provider 'null' with chaining mode CBC.
2025-08-28 17:02:34.386 +09:00 [DBG] Opening CNG algorithm 'SHA256' from provider 'null' with HMAC.
2025-08-28 17:02:34.387 +09:00 [DBG] Using key {0077a2cc-7ccb-46b4-9fab-2317a7fd74d0} as the default key.
2025-08-28 17:02:34.388 +09:00 [DBG] Key ring with default key {0077a2cc-7ccb-46b4-9fab-2317a7fd74d0} was loaded during application startup.
2025-08-28 17:02:34.812 +09:00 [INF] Now listening on: http://localhost:5237
2025-08-28 17:02:34.812 +09:00 [DBG] Loaded hosting startup assembly backend
2025-08-28 17:02:34.812 +09:00 [INF] Application started. Press Ctrl+C to shut down.
2025-08-28 17:02:34.812 +09:00 [INF] Hosting environment: Development
2025-08-28 17:02:34.812 +09:00 [INF] Content root path: C:\Users\TEC02\Desktop\practice\backend
2025-08-28 17:02:34.812 +09:00 [DBG] Hosting started
2025-08-28 17:06:37.774 +09:00 [INF] Application is shutting down...
2025-08-28 17:06:37.776 +09:00 [DBG] Hosting stopping
2025-08-28 17:06:37.826 +09:00 [DBG] Hosting stopped
2025-08-28 17:07:44.868 +09:00 [DBG] Registered model binder providers, in the following order: ["Microsoft.AspNetCore.Mvc.ModelBinding.Binders.BinderTypeModelBinderProvider","Microsoft.AspNetCore.Mvc.ModelBinding.Binders.ServicesModelBinderProvider","Microsoft.AspNetCore.Mvc.ModelBinding.Binders.BodyModelBinderProvider","Microsoft.AspNetCore.Mvc.ModelBinding.Binders.HeaderModelBinderProvider","Microsoft.AspNetCore.Mvc.ModelBinding.Binders.FloatingPointTypeModelBinderProvider","Microsoft.AspNetCore.Mvc.ModelBinding.Binders.EnumTypeModelBinderProvider","Microsoft.AspNetCore.Mvc.ModelBinding.Binders.DateTimeModelBinderProvider","Microsoft.AspNetCore.Mvc.ModelBinding.Binders.SimpleTypeModelBinderProvider","Microsoft.AspNetCore.Mvc.ModelBinding.Binders.TryParseModelBinderProvider","Microsoft.AspNetCore.Mvc.ModelBinding.Binders.CancellationTokenModelBinderProvider","Microsoft.AspNetCore.Mvc.ModelBinding.Binders.ByteArrayModelBinderProvider","Microsoft.AspNetCore.Mvc.ModelBinding.Binders.FormFileModelBinderProvider","Microsoft.AspNetCore.Mvc.ModelBinding.Binders.FormCollectionModelBinderProvider","Microsoft.AspNetCore.Mvc.ModelBinding.Binders.KeyValuePairModelBinderProvider","Microsoft.AspNetCore.Mvc.ModelBinding.Binders.DictionaryModelBinderProvider","Microsoft.AspNetCore.Mvc.ModelBinding.Binders.ArrayModelBinderProvider","Microsoft.AspNetCore.Mvc.ModelBinding.Binders.CollectionModelBinderProvider","Microsoft.AspNetCore.Mvc.ModelBinding.Binders.ComplexObjectModelBinderProvider"]
2025-08-28 17:07:45.574 +09:00 [DBG] An 'IServiceProvider' was created for internal use by Entity Framework.
2025-08-28 17:07:46.707 +09:00 [DBG] Entity Framework Core 8.0.5 initialized 'AppDbContext' using provider 'Microsoft.EntityFrameworkCore.Sqlite:8.0.5' with options: None
2025-08-28 17:07:46.742 +09:00 [DBG] Creating DbConnection.
2025-08-28 17:07:46.772 +09:00 [DBG] Created DbConnection. (25ms).
2025-08-28 17:07:46.846 +09:00 [DBG] Opening connection to database 'main' on server 'app.db'.
2025-08-28 17:07:46.978 +09:00 [DBG] Opened connection to database 'main' on server 'C:\Users\TEC02\Desktop\practice\backend\app.db'.
2025-08-28 17:07:47.077 +09:00 [DBG] Disposing connection to database 'main' on server 'app.db'.
2025-08-28 17:07:47.189 +09:00 [DBG] Disposed connection to database 'main' on server 'app.db' (104ms).
2025-08-28 17:07:47.325 +09:00 [DBG] Creating DbConnection.
2025-08-28 17:07:47.370 +09:00 [DBG] Created DbConnection. (45ms).
2025-08-28 17:07:47.434 +09:00 [DBG] Opening connection to database 'main' on server 'app.db'.
2025-08-28 17:07:47.540 +09:00 [DBG] Opened connection to database 'main' on server 'C:\Users\TEC02\Desktop\practice\backend\app.db'.
2025-08-28 17:07:47.653 +09:00 [DBG] Closing connection to database 'main' on server 'C:\Users\TEC02\Desktop\practice\backend\app.db'.
2025-08-28 17:07:47.703 +09:00 [DBG] Closed connection to database 'main' on server 'app.db' (49ms).
2025-08-28 17:07:47.723 +09:00 [DBG] Creating DbConnection.
2025-08-28 17:07:47.766 +09:00 [DBG] Created DbConnection. (42ms).
2025-08-28 17:07:47.772 +09:00 [DBG] Opening connection to database 'main' on server 'app.db'.
2025-08-28 17:07:47.787 +09:00 [DBG] An error occurred using the connection to database 'main' on server 'app.db'.
2025-08-28 17:07:47.858 +09:00 [DBG] Disposing connection to database 'main' on server 'app.db'.
2025-08-28 17:07:47.927 +09:00 [DBG] Disposed connection to database 'main' on server 'app.db' (69ms).
2025-08-28 17:07:48.211 +09:00 [DBG] Opening connection to database 'main' on server 'app.db'.
2025-08-28 17:07:48.561 +09:00 [DBG] Opened connection to database 'main' on server 'C:\Users\TEC02\Desktop\practice\backend\app.db'.
2025-08-28 17:07:49.148 +09:00 [DBG] Creating DbCommand for 'ExecuteNonQuery'.
2025-08-28 17:07:49.444 +09:00 [DBG] Created DbCommand for 'ExecuteNonQuery' (290ms).
2025-08-28 17:07:49.780 +09:00 [DBG] Initialized DbCommand for 'ExecuteNonQuery' (633ms).
2025-08-28 17:07:49.896 +09:00 [DBG] Executing DbCommand [Parameters=[], CommandType='"Text"', CommandTimeout='30']
PRAGMA journal_mode = 'wal';
2025-08-28 17:07:50.863 +09:00 [INF] Executed DbCommand (967ms) [Parameters=[], CommandType='"Text"', CommandTimeout='30']
PRAGMA journal_mode = 'wal';
2025-08-28 17:07:51.025 +09:00 [DBG] Closing connection to database 'main' on server 'C:\Users\TEC02\Desktop\practice\backend\app.db'.
2025-08-28 17:07:51.291 +09:00 [DBG] Closed connection to database 'main' on server 'app.db' (265ms).
2025-08-28 17:07:51.448 +09:00 [DBG] Opening connection to database 'main' on server 'app.db'.
2025-08-28 17:07:51.452 +09:00 [DBG] Opened connection to database 'main' on server 'C:\Users\TEC02\Desktop\practice\backend\app.db'.
2025-08-28 17:07:51.464 +09:00 [DBG] Beginning transaction with isolation level 'Unspecified'.
2025-08-28 17:07:51.484 +09:00 [DBG] Began transaction with isolation level 'Serializable'.
2025-08-28 17:07:51.546 +09:00 [DBG] Creating DbCommand for 'ExecuteNonQuery'.
2025-08-28 17:07:51.564 +09:00 [DBG] Created DbCommand for 'ExecuteNonQuery' (18ms).
2025-08-28 17:07:51.572 +09:00 [DBG] Initialized DbCommand for 'ExecuteNonQuery' (26ms).
2025-08-28 17:07:51.577 +09:00 [DBG] Executing DbCommand [Parameters=[], CommandType='"Text"', CommandTimeout='30']
CREATE TABLE "Employees" (
    "Id" INTEGER NOT NULL CONSTRAINT "PK_Employees" PRIMARY KEY AUTOINCREMENT,
    "FullName" TEXT NOT NULL,
    "DateOfBirth" TEXT NOT NULL,
    "Gender" INTEGER NOT NULL,
    "Address" TEXT NOT NULL,
    "JoinDate" TEXT NOT NULL,
    "VacationRemaining" INTEGER NOT NULL,
    "CurrentWorkplace" TEXT NOT NULL,
    "Email" TEXT NOT NULL,
    "PasswordHash" TEXT NOT NULL
);
2025-08-28 17:07:51.595 +09:00 [INF] Executed DbCommand (18ms) [Parameters=[], CommandType='"Text"', CommandTimeout='30']
CREATE TABLE "Employees" (
    "Id" INTEGER NOT NULL CONSTRAINT "PK_Employees" PRIMARY KEY AUTOINCREMENT,
    "FullName" TEXT NOT NULL,
    "DateOfBirth" TEXT NOT NULL,
    "Gender" INTEGER NOT NULL,
    "Address" TEXT NOT NULL,
    "JoinDate" TEXT NOT NULL,
    "VacationRemaining" INTEGER NOT NULL,
    "CurrentWorkplace" TEXT NOT NULL,
    "Email" TEXT NOT NULL,
    "PasswordHash" TEXT NOT NULL
);
2025-08-28 17:07:51.621 +09:00 [DBG] Committing transaction.
2025-08-28 17:07:52.423 +09:00 [DBG] Committed transaction.
2025-08-28 17:07:52.620 +09:00 [DBG] Disposing transaction.
2025-08-28 17:07:52.706 +09:00 [DBG] Closing connection to database 'main' on server 'C:\Users\TEC02\Desktop\practice\backend\app.db'.
2025-08-28 17:07:52.806 +09:00 [DBG] Closed connection to database 'main' on server 'app.db' (100ms).
2025-08-28 17:07:53.012 +09:00 [DBG] Compiling query expression: 
'DbSet<Employee>()
    .Any()'
2025-08-28 17:07:53.346 +09:00 [DBG] Generated query execution expression: 
'queryContext => new SingleQueryingEnumerable<bool>(
    (RelationalQueryContext)queryContext, 
    RelationalCommandCache.QueryExpression(
        Projection Mapping:
            EmptyProjectionMember -> 0
        SELECT EXISTS (
            SELECT 1
            FROM Employees AS e)), 
    null, 
    Func<QueryContext, DbDataReader, ResultContext, SingleQueryResultCoordinator, bool>, 
    Backend.Data.AppDbContext, 
    False, 
    False, 
    True
)
    .Single()'
2025-08-28 17:07:53.461 +09:00 [DBG] Opening connection to database 'main' on server 'app.db'.
2025-08-28 17:07:53.655 +09:00 [DBG] Opened connection to database 'main' on server 'C:\Users\TEC02\Desktop\practice\backend\app.db'.
2025-08-28 17:07:53.811 +09:00 [DBG] Creating DbCommand for 'ExecuteReader'.
2025-08-28 17:07:53.879 +09:00 [DBG] Created DbCommand for 'ExecuteReader' (68ms).
2025-08-28 17:07:53.963 +09:00 [DBG] Initialized DbCommand for 'ExecuteReader' (152ms).
2025-08-28 17:07:53.972 +09:00 [DBG] Executing DbCommand [Parameters=[], CommandType='"Text"', CommandTimeout='30']
SELECT EXISTS (
    SELECT 1
    FROM "Employees" AS "e")
2025-08-28 17:07:53.985 +09:00 [INF] Executed DbCommand (13ms) [Parameters=[], CommandType='"Text"', CommandTimeout='30']
SELECT EXISTS (
    SELECT 1
    FROM "Employees" AS "e")
2025-08-28 17:07:54.009 +09:00 [DBG] Closing data reader to 'main' on server 'C:\Users\TEC02\Desktop\practice\backend\app.db'.
2025-08-28 17:07:54.019 +09:00 [DBG] A data reader for 'main' on server 'C:\Users\TEC02\Desktop\practice\backend\app.db' is being disposed after spending 15ms reading results.
2025-08-28 17:07:54.027 +09:00 [DBG] Closing connection to database 'main' on server 'C:\Users\TEC02\Desktop\practice\backend\app.db'.
2025-08-28 17:07:54.040 +09:00 [DBG] Closed connection to database 'main' on server 'app.db' (13ms).
2025-08-28 17:07:54.193 +09:00 [DBG] Context 'AppDbContext' started tracking 'Employee' entity. Consider using 'DbContextOptionsBuilder.EnableSensitiveDataLogging' to see key values.
2025-08-28 17:07:54.253 +09:00 [DBG] Context 'AppDbContext' started tracking 'Employee' entity. Consider using 'DbContextOptionsBuilder.EnableSensitiveDataLogging' to see key values.
2025-08-28 17:07:54.261 +09:00 [DBG] SaveChanges starting for 'AppDbContext'.
2025-08-28 17:07:54.269 +09:00 [DBG] DetectChanges starting for 'AppDbContext'.
2025-08-28 17:07:54.319 +09:00 [DBG] DetectChanges completed for 'AppDbContext'.
2025-08-28 17:07:54.399 +09:00 [DBG] Opening connection to database 'main' on server 'app.db'.
2025-08-28 17:07:54.405 +09:00 [DBG] Opened connection to database 'main' on server 'C:\Users\TEC02\Desktop\practice\backend\app.db'.
2025-08-28 17:07:54.410 +09:00 [DBG] Beginning transaction with isolation level 'Unspecified'.
2025-08-28 17:07:54.413 +09:00 [DBG] Began transaction with isolation level 'Serializable'.
2025-08-28 17:07:54.418 +09:00 [DBG] Creating DbCommand for 'ExecuteReader'.
2025-08-28 17:07:54.420 +09:00 [DBG] Created DbCommand for 'ExecuteReader' (2ms).
2025-08-28 17:07:54.431 +09:00 [DBG] Initialized DbCommand for 'ExecuteReader' (12ms).
2025-08-28 17:07:54.436 +09:00 [DBG] Executing DbCommand [Parameters=[@p0='?' (DbType = Int32), @p1='?' (Size = 6), @p2='?' (Size = 2), @p3='?' (DbType = DateTime), @p4='?' (Size = 23), @p5='?' (Size = 15), @p6='?' (DbType = Int32), @p7='?' (DbType = DateTime), @p8='?' (Size = 11), @p9='?' (DbType = Int32)], CommandType='"Text"', CommandTimeout='30']
INSERT INTO "Employees" ("Id", "Address", "CurrentWorkplace", "DateOfBirth", "Email", "FullName", "Gender", "JoinDate", "PasswordHash", "VacationRemaining")
VALUES (@p0, @p1, @p2, @p3, @p4, @p5, @p6, @p7, @p8, @p9);
2025-08-28 17:07:54.457 +09:00 [INF] Executed DbCommand (23ms) [Parameters=[@p0='?' (DbType = Int32), @p1='?' (Size = 6), @p2='?' (Size = 2), @p3='?' (DbType = DateTime), @p4='?' (Size = 23), @p5='?' (Size = 15), @p6='?' (DbType = Int32), @p7='?' (DbType = DateTime), @p8='?' (Size = 11), @p9='?' (DbType = Int32)], CommandType='"Text"', CommandTimeout='30']
INSERT INTO "Employees" ("Id", "Address", "CurrentWorkplace", "DateOfBirth", "Email", "FullName", "Gender", "JoinDate", "PasswordHash", "VacationRemaining")
VALUES (@p0, @p1, @p2, @p3, @p4, @p5, @p6, @p7, @p8, @p9);
2025-08-28 17:07:54.479 +09:00 [DBG] Closing data reader to 'main' on server 'C:\Users\TEC02\Desktop\practice\backend\app.db'.
2025-08-28 17:07:54.487 +09:00 [DBG] A data reader for 'main' on server 'C:\Users\TEC02\Desktop\practice\backend\app.db' is being disposed after spending 10ms reading results.
2025-08-28 17:07:54.493 +09:00 [DBG] Creating DbCommand for 'ExecuteReader'.
2025-08-28 17:07:54.497 +09:00 [DBG] Created DbCommand for 'ExecuteReader' (3ms).
2025-08-28 17:07:54.507 +09:00 [DBG] Initialized DbCommand for 'ExecuteReader' (13ms).
2025-08-28 17:07:54.514 +09:00 [DBG] Executing DbCommand [Parameters=[@p0='?' (DbType = Int32), @p1='?' (Size = 7), @p2='?' (Size = 4), @p3='?' (DbType = DateTime), @p4='?' (Size = 25), @p5='?' (Size = 17), @p6='?' (DbType = Int32), @p7='?' (DbType = DateTime), @p8='?' (Size = 11), @p9='?' (DbType = Int32)], CommandType='"Text"', CommandTimeout='30']
INSERT INTO "Employees" ("Id", "Address", "CurrentWorkplace", "DateOfBirth", "Email", "FullName", "Gender", "JoinDate", "PasswordHash", "VacationRemaining")
VALUES (@p0, @p1, @p2, @p3, @p4, @p5, @p6, @p7, @p8, @p9);
2025-08-28 17:07:54.529 +09:00 [INF] Executed DbCommand (15ms) [Parameters=[@p0='?' (DbType = Int32), @p1='?' (Size = 7), @p2='?' (Size = 4), @p3='?' (DbType = DateTime), @p4='?' (Size = 25), @p5='?' (Size = 17), @p6='?' (DbType = Int32), @p7='?' (DbType = DateTime), @p8='?' (Size = 11), @p9='?' (DbType = Int32)], CommandType='"Text"', CommandTimeout='30']
INSERT INTO "Employees" ("Id", "Address", "CurrentWorkplace", "DateOfBirth", "Email", "FullName", "Gender", "JoinDate", "PasswordHash", "VacationRemaining")
VALUES (@p0, @p1, @p2, @p3, @p4, @p5, @p6, @p7, @p8, @p9);
2025-08-28 17:07:54.545 +09:00 [DBG] Closing data reader to 'main' on server 'C:\Users\TEC02\Desktop\practice\backend\app.db'.
2025-08-28 17:07:54.556 +09:00 [DBG] A data reader for 'main' on server 'C:\Users\TEC02\Desktop\practice\backend\app.db' is being disposed after spending 10ms reading results.
2025-08-28 17:07:54.561 +09:00 [DBG] Committing transaction.
2025-08-28 17:07:54.965 +09:00 [DBG] Committed transaction.
2025-08-28 17:07:54.970 +09:00 [DBG] Closing connection to database 'main' on server 'C:\Users\TEC02\Desktop\practice\backend\app.db'.
2025-08-28 17:07:54.976 +09:00 [DBG] Closed connection to database 'main' on server 'app.db' (6ms).
2025-08-28 17:07:54.992 +09:00 [DBG] Disposing transaction.
2025-08-28 17:07:55.010 +09:00 [DBG] An entity of type 'Employee' tracked by 'AppDbContext' changed state from '"Added"' to '"Unchanged"'. Consider using 'DbContextOptionsBuilder.EnableSensitiveDataLogging' to see key values.
2025-08-28 17:07:55.015 +09:00 [DBG] An entity of type 'Employee' tracked by 'AppDbContext' changed state from '"Added"' to '"Unchanged"'. Consider using 'DbContextOptionsBuilder.EnableSensitiveDataLogging' to see key values.
2025-08-28 17:07:55.024 +09:00 [DBG] SaveChanges completed for 'AppDbContext' with 2 entities written to the database.
2025-08-28 17:07:55.028 +09:00 [DBG] 'AppDbContext' disposed.
2025-08-28 17:07:55.033 +09:00 [DBG] Disposing connection to database 'main' on server 'app.db'.
2025-08-28 17:07:55.037 +09:00 [DBG] Disposed connection to database 'main' on server 'app.db' (4ms).
2025-08-28 17:07:55.053 +09:00 [DBG] Hosting starting
2025-08-28 17:07:55.080 +09:00 [INF] User profile is available. Using 'C:\Users\TEC02\AppData\Local\ASP.NET\DataProtection-Keys' as key repository and Windows DPAPI to encrypt keys at rest.
2025-08-28 17:07:55.110 +09:00 [DBG] Reading data from file 'C:\Users\TEC02\AppData\Local\ASP.NET\DataProtection-Keys\key-0077a2cc-7ccb-46b4-9fab-2317a7fd74d0.xml'.
2025-08-28 17:07:55.129 +09:00 [DBG] Found key {0077a2cc-7ccb-46b4-9fab-2317a7fd74d0}.
2025-08-28 17:07:55.149 +09:00 [DBG] Considering key {0077a2cc-7ccb-46b4-9fab-2317a7fd74d0} with expiration date 2025-10-16 02:00:44Z as default key.
2025-08-28 17:07:55.164 +09:00 [DBG] Forwarded activator type request from Microsoft.AspNetCore.DataProtection.XmlEncryption.DpapiXmlDecryptor, Microsoft.AspNetCore.DataProtection, Version=8.0.0.0, Culture=neutral, PublicKeyToken=adb9793829ddae60 to Microsoft.AspNetCore.DataProtection.XmlEncryption.DpapiXmlDecryptor, Microsoft.AspNetCore.DataProtection, Culture=neutral, PublicKeyToken=adb9793829ddae60
2025-08-28 17:07:55.176 +09:00 [DBG] Decrypting secret element using Windows DPAPI.
2025-08-28 17:07:55.184 +09:00 [DBG] Forwarded activator type request from Microsoft.AspNetCore.DataProtection.AuthenticatedEncryption.ConfigurationModel.AuthenticatedEncryptorDescriptorDeserializer, Microsoft.AspNetCore.DataProtection, Version=8.0.0.0, Culture=neutral, PublicKeyToken=adb9793829ddae60 to Microsoft.AspNetCore.DataProtection.AuthenticatedEncryption.ConfigurationModel.AuthenticatedEncryptorDescriptorDeserializer, Microsoft.AspNetCore.DataProtection, Culture=neutral, PublicKeyToken=adb9793829ddae60
2025-08-28 17:07:56.522 +09:00 [DBG] Opening CNG algorithm 'AES' from provider 'null' with chaining mode CBC.
2025-08-28 17:07:56.535 +09:00 [DBG] Opening CNG algorithm 'SHA256' from provider 'null' with HMAC.
2025-08-28 17:07:56.551 +09:00 [DBG] Using key {0077a2cc-7ccb-46b4-9fab-2317a7fd74d0} as the default key.
2025-08-28 17:07:56.554 +09:00 [DBG] Key ring with default key {0077a2cc-7ccb-46b4-9fab-2317a7fd74d0} was loaded during application startup.
2025-08-28 17:07:56.642 +09:00 [INF] Now listening on: http://localhost:5237
2025-08-28 17:07:56.656 +09:00 [DBG] Loaded hosting startup assembly backend
2025-08-28 17:07:56.658 +09:00 [INF] Application started. Press Ctrl+C to shut down.
2025-08-28 17:07:56.660 +09:00 [INF] Hosting environment: Development
2025-08-28 17:07:56.662 +09:00 [INF] Content root path: C:\Users\TEC02\Desktop\practice\backend
2025-08-28 17:07:56.663 +09:00 [DBG] Hosting started
2025-08-28 17:09:06.810 +09:00 [DBG] Connection id "0HNF618KFMHIS" accepted.
2025-08-28 17:09:06.829 +09:00 [DBG] Connection id "0HNF618KFMHIS" started.
2025-08-28 17:09:06.877 +09:00 [INF] Request starting HTTP/1.1 POST http://localhost:5237/api/auth/login - application/json 70
2025-08-28 17:09:06.887 +09:00 [DBG] Wildcard detected, all requests with hosts will be allowed.
2025-08-28 17:09:06.927 +09:00 [DBG] 1 candidate(s) found for the request path '/api/auth/login'
2025-08-28 17:09:06.934 +09:00 [DBG] Endpoint 'Backend.Controllers.AuthController.Login (backend)' with route pattern 'api/Auth/login' is valid for the request path '/api/auth/login'
2025-08-28 17:09:06.938 +09:00 [DBG] Request matched endpoint 'Backend.Controllers.AuthController.Login (backend)'
2025-08-28 17:09:06.943 +09:00 [WRN] Failed to determine the https port for redirect.
2025-08-28 17:09:06.983 +09:00 [DBG] AuthenticationScheme: Bearer was not authenticated.
2025-08-28 17:09:06.990 +09:00 [INF] Executing endpoint 'Backend.Controllers.AuthController.Login (backend)'
2025-08-28 17:09:07.019 +09:00 [INF] Route matched with {action = "Login", controller = "Auth"}. Executing controller action with signature Microsoft.AspNetCore.Mvc.IActionResult Login(Backend.DTOs.LoginRequest) on controller Backend.Controllers.AuthController (backend).
2025-08-28 17:09:07.026 +09:00 [DBG] Execution plan of authorization filters (in the following order): ["None"]
2025-08-28 17:09:07.062 +09:00 [DBG] Execution plan of resource filters (in the following order): ["None"]
2025-08-28 17:09:07.071 +09:00 [DBG] Execution plan of action filters (in the following order): ["Microsoft.AspNetCore.Mvc.ModelBinding.UnsupportedContentTypeFilter (Order: -3000)","Microsoft.AspNetCore.Mvc.Infrastructure.ModelStateInvalidFilter (Order: -2000)"]
2025-08-28 17:09:07.075 +09:00 [DBG] Execution plan of exception filters (in the following order): ["None"]
2025-08-28 17:09:07.077 +09:00 [DBG] Execution plan of result filters (in the following order): ["Microsoft.AspNetCore.Mvc.Infrastructure.ClientErrorResultFilter (Order: -2000)"]
2025-08-28 17:09:07.081 +09:00 [DBG] Executing controller factory for controller Backend.Controllers.AuthController (backend)
2025-08-28 17:09:07.100 +09:00 [DBG] Executed controller factory for controller Backend.Controllers.AuthController (backend)
2025-08-28 17:09:07.113 +09:00 [DBG] Attempting to bind parameter 'request' of type 'Backend.DTOs.LoginRequest' ...
2025-08-28 17:09:07.122 +09:00 [DBG] Attempting to bind parameter 'request' of type 'Backend.DTOs.LoginRequest' using the name '' in request data ...
2025-08-28 17:09:07.127 +09:00 [DBG] Selected input formatter 'Microsoft.AspNetCore.Mvc.Formatters.SystemTextJsonInputFormatter' for content type 'application/json'.
2025-08-28 17:09:07.206 +09:00 [DBG] Connection id "0HNF618KFMHIS", Request id "0HNF618KFMHIS:00000001": started reading request body.
2025-08-28 17:09:07.210 +09:00 [DBG] Connection id "0HNF618KFMHIS", Request id "0HNF618KFMHIS:00000001": done reading request body.
2025-08-28 17:09:07.306 +09:00 [DBG] JSON input formatter succeeded, deserializing to type 'Backend.DTOs.LoginRequest'
2025-08-28 17:09:07.310 +09:00 [DBG] Done attempting to bind parameter 'request' of type 'Backend.DTOs.LoginRequest'.
2025-08-28 17:09:07.312 +09:00 [DBG] Done attempting to bind parameter 'request' of type 'Backend.DTOs.LoginRequest'.
2025-08-28 17:09:07.314 +09:00 [DBG] Attempting to validate the bound parameter 'request' of type 'Backend.DTOs.LoginRequest' ...
2025-08-28 17:09:07.371 +09:00 [DBG] Done attempting to validate the bound parameter 'request' of type 'Backend.DTOs.LoginRequest'.
2025-08-28 17:09:07.744 +09:00 [DBG] List of registered output formatters, in the following order: ["Microsoft.AspNetCore.Mvc.Formatters.HttpNoContentOutputFormatter","Microsoft.AspNetCore.Mvc.Formatters.StringOutputFormatter","Microsoft.AspNetCore.Mvc.Formatters.StreamOutputFormatter","Microsoft.AspNetCore.Mvc.Formatters.SystemTextJsonOutputFormatter"]
2025-08-28 17:09:07.752 +09:00 [DBG] No information found on request to perform content negotiation.
2025-08-28 17:09:07.754 +09:00 [DBG] Attempting to select an output formatter without using a content type as no explicit content types were specified for the response.
2025-08-28 17:09:07.755 +09:00 [DBG] Attempting to select the first formatter in the output formatters list which can write the result.
2025-08-28 17:09:07.758 +09:00 [DBG] Selected output formatter 'Microsoft.AspNetCore.Mvc.Formatters.SystemTextJsonOutputFormatter' and content type 'application/json' to write the response.
2025-08-28 17:09:07.761 +09:00 [INF] Executing OkObjectResult, writing value of type 'Backend.DTOs.LoginResponse'.
2025-08-28 17:09:07.924 +09:00 [INF] Executed action Backend.Controllers.AuthController.Login (backend) in 837.1598ms
2025-08-28 17:09:07.931 +09:00 [INF] Executed endpoint 'Backend.Controllers.AuthController.Login (backend)'
2025-08-28 17:09:07.933 +09:00 [DBG] Connection id "0HNF618KFMHIS" completed keep alive response.
2025-08-28 17:09:07.937 +09:00 [INF] Request finished HTTP/1.1 POST http://localhost:5237/api/auth/login - 200 null application/json; charset=utf-8 1061.2871ms
2025-08-28 17:09:34.348 +09:00 [INF] Request starting HTTP/1.1 GET http://localhost:5237/api/user/profile - null null
2025-08-28 17:09:34.355 +09:00 [DBG] 1 candidate(s) found for the request path '/api/user/profile'
2025-08-28 17:09:34.357 +09:00 [DBG] Endpoint 'Backend.Controllers.UserController.GetProfile (backend)' with route pattern 'api/User/profile' is valid for the request path '/api/user/profile'
2025-08-28 17:09:34.360 +09:00 [DBG] Request matched endpoint 'Backend.Controllers.UserController.GetProfile (backend)'
2025-08-28 17:09:35.198 +09:00 [DBG] Successfully validated the token.
2025-08-28 17:09:35.203 +09:00 [DBG] AuthenticationScheme: Bearer was successfully authenticated.
2025-08-28 17:09:35.226 +09:00 [DBG] Authorization was successful.
2025-08-28 17:09:35.228 +09:00 [INF] Executing endpoint 'Backend.Controllers.UserController.GetProfile (backend)'
2025-08-28 17:09:35.249 +09:00 [INF] Route matched with {action = "GetProfile", controller = "User"}. Executing controller action with signature Microsoft.AspNetCore.Mvc.IActionResult GetProfile() on controller Backend.Controllers.UserController (backend).
2025-08-28 17:09:35.255 +09:00 [DBG] Execution plan of authorization filters (in the following order): ["None"]
2025-08-28 17:09:35.257 +09:00 [DBG] Execution plan of resource filters (in the following order): ["None"]
2025-08-28 17:09:35.260 +09:00 [DBG] Execution plan of action filters (in the following order): ["Microsoft.AspNetCore.Mvc.ModelBinding.UnsupportedContentTypeFilter (Order: -3000)","Microsoft.AspNetCore.Mvc.Infrastructure.ModelStateInvalidFilter (Order: -2000)"]
2025-08-28 17:09:35.263 +09:00 [DBG] Execution plan of exception filters (in the following order): ["None"]
2025-08-28 17:09:35.270 +09:00 [DBG] Execution plan of result filters (in the following order): ["Microsoft.AspNetCore.Mvc.Infrastructure.ClientErrorResultFilter (Order: -2000)"]
2025-08-28 17:09:35.274 +09:00 [DBG] Executing controller factory for controller Backend.Controllers.UserController (backend)
2025-08-28 17:09:35.276 +09:00 [DBG] Executed controller factory for controller Backend.Controllers.UserController (backend)
2025-08-28 17:09:35.280 +09:00 [DBG] List of registered output formatters, in the following order: ["Microsoft.AspNetCore.Mvc.Formatters.HttpNoContentOutputFormatter","Microsoft.AspNetCore.Mvc.Formatters.StringOutputFormatter","Microsoft.AspNetCore.Mvc.Formatters.StreamOutputFormatter","Microsoft.AspNetCore.Mvc.Formatters.SystemTextJsonOutputFormatter"]
2025-08-28 17:09:35.303 +09:00 [DBG] No information found on request to perform content negotiation.
2025-08-28 17:09:35.307 +09:00 [DBG] Attempting to select an output formatter without using a content type as no explicit content types were specified for the response.
2025-08-28 17:09:35.309 +09:00 [DBG] Attempting to select the first formatter in the output formatters list which can write the result.
2025-08-28 17:09:35.315 +09:00 [DBG] Selected output formatter 'Microsoft.AspNetCore.Mvc.Formatters.SystemTextJsonOutputFormatter' and content type 'application/json' to write the response.
2025-08-28 17:09:35.317 +09:00 [INF] Executing OkObjectResult, writing value of type '<>f__AnonymousType3`3[[System.String, System.Private.CoreLib, Version=8.0.0.0, Culture=neutral, PublicKeyToken=7cec85d7bea7798e],[System.String, System.Private.CoreLib, Version=8.0.0.0, Culture=neutral, PublicKeyToken=7cec85d7bea7798e],[System.String, System.Private.CoreLib, Version=8.0.0.0, Culture=neutral, PublicKeyToken=7cec85d7bea7798e]]'.
2025-08-28 17:09:35.339 +09:00 [INF] Executed action Backend.Controllers.UserController.GetProfile (backend) in 64.6025ms
2025-08-28 17:09:35.342 +09:00 [INF] Executed endpoint 'Backend.Controllers.UserController.GetProfile (backend)'
2025-08-28 17:09:35.346 +09:00 [DBG] Connection id "0HNF618KFMHIS" completed keep alive response.
2025-08-28 17:09:35.353 +09:00 [INF] Request finished HTTP/1.1 GET http://localhost:5237/api/user/profile - 200 null application/json; charset=utf-8 1004.9595ms
2025-08-28 17:10:22.582 +09:00 [INF] Request starting HTTP/1.1 POST http://localhost:5237/api/admin - application/json 250
2025-08-28 17:10:22.588 +09:00 [DBG] 1 candidate(s) found for the request path '/api/admin'
2025-08-28 17:10:22.593 +09:00 [DBG] Endpoint 'AdminController.CreateEmployee (backend)' with route pattern 'api/Admin' is valid for the request path '/api/admin'
2025-08-28 17:10:22.595 +09:00 [DBG] Request matched endpoint 'AdminController.CreateEmployee (backend)'
2025-08-28 17:10:22.603 +09:00 [DBG] Successfully validated the token.
2025-08-28 17:10:22.609 +09:00 [DBG] AuthenticationScheme: Bearer was successfully authenticated.
2025-08-28 17:10:22.614 +09:00 [DBG] Authorization was successful.
2025-08-28 17:10:22.617 +09:00 [INF] Executing endpoint 'AdminController.CreateEmployee (backend)'
2025-08-28 17:10:22.629 +09:00 [INF] Route matched with {action = "CreateEmployee", controller = "Admin"}. Executing controller action with signature System.Threading.Tasks.Task`1[Microsoft.AspNetCore.Mvc.IActionResult] CreateEmployee(Backend.DTOs.CreateEmployeeRequest) on controller AdminController (backend).
2025-08-28 17:10:22.633 +09:00 [DBG] Execution plan of authorization filters (in the following order): ["None"]
2025-08-28 17:10:22.638 +09:00 [DBG] Execution plan of resource filters (in the following order): ["None"]
2025-08-28 17:10:22.643 +09:00 [DBG] Execution plan of action filters (in the following order): ["Microsoft.AspNetCore.Mvc.ModelBinding.UnsupportedContentTypeFilter (Order: -3000)","Microsoft.AspNetCore.Mvc.Infrastructure.ModelStateInvalidFilter (Order: -2000)"]
2025-08-28 17:10:22.646 +09:00 [DBG] Execution plan of exception filters (in the following order): ["None"]
2025-08-28 17:10:22.648 +09:00 [DBG] Execution plan of result filters (in the following order): ["Microsoft.AspNetCore.Mvc.Infrastructure.ClientErrorResultFilter (Order: -2000)"]
2025-08-28 17:10:22.655 +09:00 [DBG] Executing controller factory for controller AdminController (backend)
2025-08-28 17:10:22.667 +09:00 [DBG] Executed controller factory for controller AdminController (backend)
2025-08-28 17:10:22.671 +09:00 [DBG] Attempting to bind parameter 'request' of type 'Backend.DTOs.CreateEmployeeRequest' ...
2025-08-28 17:10:22.673 +09:00 [DBG] Attempting to bind parameter 'request' of type 'Backend.DTOs.CreateEmployeeRequest' using the name '' in request data ...
2025-08-28 17:10:22.686 +09:00 [DBG] Selected input formatter 'Microsoft.AspNetCore.Mvc.Formatters.SystemTextJsonInputFormatter' for content type 'application/json'.
2025-08-28 17:10:22.756 +09:00 [DBG] Connection id "0HNF618KFMHIS", Request id "0HNF618KFMHIS:00000003": started reading request body.
2025-08-28 17:10:22.761 +09:00 [DBG] Connection id "0HNF618KFMHIS", Request id "0HNF618KFMHIS:00000003": done reading request body.
2025-08-28 17:10:22.771 +09:00 [DBG] JSON input formatter succeeded, deserializing to type 'Backend.DTOs.CreateEmployeeRequest'
2025-08-28 17:10:22.777 +09:00 [DBG] Done attempting to bind parameter 'request' of type 'Backend.DTOs.CreateEmployeeRequest'.
2025-08-28 17:10:22.780 +09:00 [DBG] Done attempting to bind parameter 'request' of type 'Backend.DTOs.CreateEmployeeRequest'.
2025-08-28 17:10:22.783 +09:00 [DBG] Attempting to validate the bound parameter 'request' of type 'Backend.DTOs.CreateEmployeeRequest' ...
2025-08-28 17:10:22.819 +09:00 [DBG] Done attempting to validate the bound parameter 'request' of type 'Backend.DTOs.CreateEmployeeRequest'.
2025-08-28 17:10:22.859 +09:00 [DBG] Entity Framework Core 8.0.5 initialized 'AppDbContext' using provider 'Microsoft.EntityFrameworkCore.Sqlite:8.0.5' with options: None
2025-08-28 17:10:22.881 +09:00 [DBG] 'AppDbContext' generated a temporary value for the property 'Employee.Id'. Consider using 'DbContextOptionsBuilder.EnableSensitiveDataLogging' to see key values.
2025-08-28 17:10:22.894 +09:00 [DBG] Context 'AppDbContext' started tracking 'Employee' entity. Consider using 'DbContextOptionsBuilder.EnableSensitiveDataLogging' to see key values.
2025-08-28 17:10:22.900 +09:00 [DBG] SaveChanges starting for 'AppDbContext'.
2025-08-28 17:10:22.906 +09:00 [DBG] DetectChanges starting for 'AppDbContext'.
2025-08-28 17:10:22.909 +09:00 [DBG] DetectChanges completed for 'AppDbContext'.
2025-08-28 17:10:22.962 +09:00 [DBG] Creating DbConnection.
2025-08-28 17:10:22.966 +09:00 [DBG] Created DbConnection. (4ms).
2025-08-28 17:10:22.970 +09:00 [DBG] Opening connection to database 'main' on server 'app.db'.
2025-08-28 17:10:22.975 +09:00 [DBG] Opened connection to database 'main' on server 'C:\Users\TEC02\Desktop\practice\backend\app.db'.
2025-08-28 17:10:22.984 +09:00 [DBG] Creating DbCommand for 'ExecuteReader'.
2025-08-28 17:10:22.986 +09:00 [DBG] Created DbCommand for 'ExecuteReader' (2ms).
2025-08-28 17:10:22.989 +09:00 [DBG] Initialized DbCommand for 'ExecuteReader' (4ms).
2025-08-28 17:10:22.992 +09:00 [DBG] Executing DbCommand [Parameters=[@p0='?' (Size = 10), @p1='?' (Size = 5), @p2='?' (DbType = DateTime), @p3='?' (Size = 17), @p4='?' (Size = 4), @p5='?' (DbType = Int32), @p6='?' (DbType = DateTime), @p7='?' (Size = 44), @p8='?' (DbType = Int32)], CommandType='"Text"', CommandTimeout='30']
INSERT INTO "Employees" ("Address", "CurrentWorkplace", "DateOfBirth", "Email", "FullName", "Gender", "JoinDate", "PasswordHash", "VacationRemaining")
VALUES (@p0, @p1, @p2, @p3, @p4, @p5, @p6, @p7, @p8)
RETURNING "Id";
2025-08-28 17:10:23.021 +09:00 [INF] Executed DbCommand (28ms) [Parameters=[@p0='?' (Size = 10), @p1='?' (Size = 5), @p2='?' (DbType = DateTime), @p3='?' (Size = 17), @p4='?' (Size = 4), @p5='?' (DbType = Int32), @p6='?' (DbType = DateTime), @p7='?' (Size = 44), @p8='?' (DbType = Int32)], CommandType='"Text"', CommandTimeout='30']
INSERT INTO "Employees" ("Address", "CurrentWorkplace", "DateOfBirth", "Email", "FullName", "Gender", "JoinDate", "PasswordHash", "VacationRemaining")
VALUES (@p0, @p1, @p2, @p3, @p4, @p5, @p6, @p7, @p8)
RETURNING "Id";
2025-08-28 17:10:23.093 +09:00 [DBG] The foreign key property 'Employee.Id' was detected as changed. Consider using 'DbContextOptionsBuilder.EnableSensitiveDataLogging' to see property values.
2025-08-28 17:10:23.160 +09:00 [DBG] Closing data reader to 'main' on server 'C:\Users\TEC02\Desktop\practice\backend\app.db'.
2025-08-28 17:10:23.166 +09:00 [DBG] A data reader for 'main' on server 'C:\Users\TEC02\Desktop\practice\backend\app.db' is being disposed after spending 111ms reading results.
2025-08-28 17:10:23.171 +09:00 [DBG] Closing connection to database 'main' on server 'C:\Users\TEC02\Desktop\practice\backend\app.db'.
2025-08-28 17:10:23.175 +09:00 [DBG] Closed connection to database 'main' on server 'app.db' (3ms).
2025-08-28 17:10:23.181 +09:00 [DBG] An entity of type 'Employee' tracked by 'AppDbContext' changed state from '"Added"' to '"Unchanged"'. Consider using 'DbContextOptionsBuilder.EnableSensitiveDataLogging' to see key values.
2025-08-28 17:10:23.192 +09:00 [DBG] SaveChanges completed for 'AppDbContext' with 1 entities written to the database.
2025-08-28 17:10:23.211 +09:00 [INF] {"Id":3,"FullName":"test","DateOfBirth":"2000-01-01T00:00:00.0000000","Gender":"","Address":"dummy1-1-1","JoinDate":"2020-04-01T00:00:00.0000000","VacationRemaining":0,"CurrentWorkplace":"test1","Email":"signup@examle.com","PasswordHash":"vlu4OCSbAjnn2qFeFRlwVSFYsjJFjoEif23SWm/u8GA=","$type":"Employee"}
2025-08-28 17:10:23.233 +09:00 [DBG] List of registered output formatters, in the following order: ["Microsoft.AspNetCore.Mvc.Formatters.HttpNoContentOutputFormatter","Microsoft.AspNetCore.Mvc.Formatters.StringOutputFormatter","Microsoft.AspNetCore.Mvc.Formatters.StreamOutputFormatter","Microsoft.AspNetCore.Mvc.Formatters.SystemTextJsonOutputFormatter"]
2025-08-28 17:10:23.239 +09:00 [DBG] No information found on request to perform content negotiation.
2025-08-28 17:10:23.241 +09:00 [DBG] Attempting to select an output formatter without using a content type as no explicit content types were specified for the response.
2025-08-28 17:10:23.243 +09:00 [DBG] Attempting to select the first formatter in the output formatters list which can write the result.
2025-08-28 17:10:23.244 +09:00 [DBG] Selected output formatter 'Microsoft.AspNetCore.Mvc.Formatters.SystemTextJsonOutputFormatter' and content type 'application/json' to write the response.
2025-08-28 17:10:23.249 +09:00 [INF] Executing CreatedAtActionResult, writing value of type 'Backend.Models.Employee'.
2025-08-28 17:10:23.388 +09:00 [DBG] Found the endpoints ["AdminController.GetEmployeeById (backend)"] for address (id=[3],action=[GetEmployeeById],controller=[Admin])
2025-08-28 17:10:23.412 +09:00 [DBG] Successfully processed template api/Admin/{id} for AdminController.GetEmployeeById (backend) resulting in /api/Admin/3 and 
2025-08-28 17:10:23.461 +09:00 [DBG] Link generation succeeded for endpoints ["AdminController.GetEmployeeById (backend)"] with result /api/Admin/3
2025-08-28 17:10:23.497 +09:00 [INF] Executed action AdminController.CreateEmployee (backend) in 842.4044ms
2025-08-28 17:10:23.499 +09:00 [INF] Executed endpoint 'AdminController.CreateEmployee (backend)'
2025-08-28 17:10:23.503 +09:00 [DBG] Connection id "0HNF618KFMHIS" completed keep alive response.
2025-08-28 17:10:23.508 +09:00 [DBG] 'AppDbContext' disposed.
2025-08-28 17:10:23.514 +09:00 [DBG] Disposing connection to database 'main' on server 'app.db'.
2025-08-28 17:10:23.520 +09:00 [DBG] Disposed connection to database 'main' on server 'app.db' (5ms).
2025-08-28 17:10:23.528 +09:00 [INF] Request finished HTTP/1.1 POST http://localhost:5237/api/admin - 201 null application/json; charset=utf-8 945.5606ms
2025-08-28 17:11:43.944 +09:00 [INF] Application is shutting down...
2025-08-28 17:11:43.959 +09:00 [DBG] Hosting stopping
2025-08-28 17:11:43.982 +09:00 [DBG] Connection id "0HNF618KFMHIS" disconnecting.
2025-08-28 17:11:43.988 +09:00 [DBG] Connection id "0HNF618KFMHIS" stopped.
2025-08-28 17:11:43.995 +09:00 [DBG] Connection id "0HNF618KFMHIS" sending FIN because: "The Socket transport's send loop completed gracefully."
2025-08-28 17:11:44.006 +09:00 [DBG] Hosting stopped
